[ 2017-12-31T20:12:13+08:00 ] ::1 /Demo/CWP/service/admin.php/public/img/dotTexture.png
INFO: [ app_init ] --START--
INFO: Run Behavior\BuildLiteBehavior [ RunTime:0.000021s ]
INFO: [ app_init ] --END-- [ RunTime:0.000499s ]
ERR: 无法加载模块:Public

[ 2017-12-31T20:19:08+08:00 ] ::1 /Demo/CWP/service/admin.php/public/img/dotTexture.png
INFO: [ app_init ] --START--
INFO: Run Behavior\BuildLiteBehavior [ RunTime:0.000015s ]
INFO: [ app_init ] --END-- [ RunTime:0.000526s ]
ERR: 无法加载模块:Public

[ 2017-12-31T20:21:52+08:00 ] ::1 /Demo/CWP/service/admin.php/public/img/dotTexture.png
INFO: [ app_init ] --START--
INFO: Run Behavior\BuildLiteBehavior [ RunTime:0.000015s ]
INFO: [ app_init ] --END-- [ RunTime:0.000564s ]
ERR: 无法加载模块:Public

[ 2017-12-31T20:22:02+08:00 ] ::1 /Demo/CWP/service/admin.php/public/img/dotTexture.png
INFO: [ app_init ] --START--
INFO: Run Behavior\BuildLiteBehavior [ RunTime:0.000024s ]
INFO: [ app_init ] --END-- [ RunTime:0.000804s ]
ERR: 无法加载模块:Public

