[ 2017-12-30T16:49:56+08:00 ] ::1 /Demo/CWP/service/admin.php/public/img/dotTexture.png
INFO: [ app_init ] --START--
INFO: Run Behavior\BuildLiteBehavior [ RunTime:0.000040s ]
INFO: [ app_init ] --END-- [ RunTime:0.001111s ]
ERR: 无法加载模块:Public

[ 2017-12-30T16:52:44+08:00 ] ::1 /Demo/CWP/service/admin.php/public/img/dotTexture.png
INFO: [ app_init ] --START--
INFO: Run Behavior\BuildLiteBehavior [ RunTime:0.000031s ]
INFO: [ app_init ] --END-- [ RunTime:0.000842s ]
ERR: 无法加载模块:Public

[ 2017-12-30T16:53:28+08:00 ] ::1 /Demo/CWP/service/admin.php/public/img/dotTexture.png
INFO: [ app_init ] --START--
INFO: Run Behavior\BuildLiteBehavior [ RunTime:0.000055s ]
INFO: [ app_init ] --END-- [ RunTime:0.001593s ]
ERR: 无法加载模块:Public

[ 2017-12-30T16:53:34+08:00 ] ::1 /Demo/CWP/service/admin.php/public/img/dotTexture.png
INFO: [ app_init ] --START--
INFO: Run Behavior\BuildLiteBehavior [ RunTime:0.000085s ]
INFO: [ app_init ] --END-- [ RunTime:0.002081s ]
ERR: 无法加载模块:Public

[ 2017-12-30T16:54:26+08:00 ] ::1 /Demo/CWP/service/admin.php/public/img/dotTexture.png
INFO: [ app_init ] --START--
INFO: Run Behavior\BuildLiteBehavior [ RunTime:0.000053s ]
INFO: [ app_init ] --END-- [ RunTime:0.001703s ]
ERR: 无法加载模块:Public

[ 2017-12-30T16:55:06+08:00 ] ::1 /Demo/CWP/service/admin.php/public/img/dotTexture.png
INFO: [ app_init ] --START--
INFO: Run Behavior\BuildLiteBehavior [ RunTime:0.000044s ]
INFO: [ app_init ] --END-- [ RunTime:0.001198s ]
ERR: 无法加载模块:Public

[ 2017-12-30T16:56:11+08:00 ] ::1 /Demo/CWP/service/admin.php/public/img/dotTexture.png
INFO: [ app_init ] --START--
INFO: Run Behavior\BuildLiteBehavior [ RunTime:0.000037s ]
INFO: [ app_init ] --END-- [ RunTime:0.001519s ]
ERR: 无法加载模块:Public

[ 2017-12-30T17:01:55+08:00 ] ::1 /Demo/CWP/service/admin.php/public/img/dotTexture.png
INFO: [ app_init ] --START--
INFO: Run Behavior\BuildLiteBehavior [ RunTime:0.000060s ]
INFO: [ app_init ] --END-- [ RunTime:0.002084s ]
ERR: 无法加载模块:Public

