[ 2018-01-06T22:28:51+08:00 ] ::1 /CWP/admin/admin.php
INFO: [ app_init ] --START--
INFO: Run Behavior\BuildLiteBehavior [ RunTime:0.000025s ]
INFO: [ app_init ] --END-- [ RunTime:0.001043s ]
INFO: [ app_begin ] --START--
INFO: Run Behavior\ReadHtmlCacheBehavior [ RunTime:0.006210s ]
INFO: [ app_begin ] --END-- [ RunTime:0.006290s ]
INFO: [ view_parse ] --START--
INFO: [ template_filter ] --START--
INFO: Run Behavior\ContentReplaceBehavior [ RunTime:0.007028s ]
INFO: [ template_filter ] --END-- [ RunTime:0.007175s ]
INFO: Run Behavior\ParseTemplateBehavior [ RunTime:0.131506s ]
INFO: [ view_parse ] --END-- [ RunTime:0.131645s ]
INFO: [ view_filter ] --START--
INFO: Run Behavior\WriteHtmlCacheBehavior [ RunTime:0.009819s ]
INFO: [ view_filter ] --END-- [ RunTime:0.009888s ]
INFO: [ app_end ] --START--
INFO: Run Behavior\ShowPageTraceBehavior [ RunTime:0.015399s ]
INFO: [ app_end ] --END-- [ RunTime:0.015465s ]

[ 2018-01-06T22:28:53+08:00 ] ::1 /CWP/admin/admin.php
INFO: [ app_init ] --START--
INFO: Run Behavior\BuildLiteBehavior [ RunTime:0.000027s ]
INFO: [ app_init ] --END-- [ RunTime:0.000994s ]
INFO: [ app_begin ] --START--
INFO: Run Behavior\ReadHtmlCacheBehavior [ RunTime:0.001952s ]
INFO: [ app_begin ] --END-- [ RunTime:0.002142s ]
INFO: [ view_parse ] --START--
INFO: [ template_filter ] --START--
INFO: Run Behavior\ContentReplaceBehavior [ RunTime:0.000078s ]
INFO: [ template_filter ] --END-- [ RunTime:0.000144s ]
INFO: Run Behavior\ParseTemplateBehavior [ RunTime:0.013574s ]
INFO: [ view_parse ] --END-- [ RunTime:0.013705s ]
INFO: [ view_filter ] --START--
INFO: Run Behavior\WriteHtmlCacheBehavior [ RunTime:0.000699s ]
INFO: [ view_filter ] --END-- [ RunTime:0.000749s ]
INFO: [ app_end ] --START--
INFO: Run Behavior\ShowPageTraceBehavior [ RunTime:0.000997s ]
INFO: [ app_end ] --END-- [ RunTime:0.001077s ]

[ 2018-01-06T22:28:57+08:00 ] ::1 /CWP/admin/admin.php/Home/Login/checklogin.html
INFO: [ app_init ] --START--
INFO: Run Behavior\BuildLiteBehavior [ RunTime:0.000024s ]
INFO: [ app_init ] --END-- [ RunTime:0.000767s ]
INFO: [ app_begin ] --START--
INFO: Run Behavior\ReadHtmlCacheBehavior [ RunTime:0.001261s ]
INFO: [ app_begin ] --END-- [ RunTime:0.001386s ]
SQL: SHOW COLUMNS FROM `cwp_user` [ RunTime:0.0158s ]
SQL: SELECT * FROM `cwp_user` WHERE ( userName='1' AND userPwd='1' AND userType = 1 ) LIMIT 1   [ RunTime:0.0036s ]
SQL: UPDATE `cwp_user` SET `userLastLoginTime`='2018-01-06 22:28:57' WHERE ( userId=1 ) [ RunTime:0.0457s ]
INFO: [ view_parse ] --START--
INFO: [ template_filter ] --START--
INFO: Run Behavior\ContentReplaceBehavior [ RunTime:0.000253s ]
INFO: [ template_filter ] --END-- [ RunTime:0.000373s ]
INFO: Run Behavior\ParseTemplateBehavior [ RunTime:0.051105s ]
INFO: [ view_parse ] --END-- [ RunTime:0.051229s ]
INFO: [ view_filter ] --START--
INFO: Run Behavior\WriteHtmlCacheBehavior [ RunTime:0.001178s ]
INFO: [ view_filter ] --END-- [ RunTime:0.001310s ]
INFO: [ app_end ] --START--
INFO: Run Behavior\ShowPageTraceBehavior [ RunTime:0.002911s ]
INFO: [ app_end ] --END-- [ RunTime:0.003049s ]

[ 2018-01-06T22:28:58+08:00 ] ::1 /CWP/admin/admin.php/Home/Main/index.html
INFO: [ app_init ] --START--
INFO: Run Behavior\BuildLiteBehavior [ RunTime:0.000029s ]
INFO: [ app_init ] --END-- [ RunTime:0.002250s ]
INFO: [ app_begin ] --START--
INFO: Run Behavior\ReadHtmlCacheBehavior [ RunTime:0.001443s ]
INFO: [ app_begin ] --END-- [ RunTime:0.001557s ]
INFO: [ view_parse ] --START--
INFO: [ template_filter ] --START--
INFO: Run Behavior\ContentReplaceBehavior [ RunTime:0.000086s ]
INFO: [ template_filter ] --END-- [ RunTime:0.000174s ]
INFO: Run Behavior\ParseTemplateBehavior [ RunTime:0.095842s ]
INFO: [ view_parse ] --END-- [ RunTime:0.095942s ]
INFO: [ view_filter ] --START--
INFO: Run Behavior\WriteHtmlCacheBehavior [ RunTime:0.000720s ]
INFO: [ view_filter ] --END-- [ RunTime:0.000781s ]
INFO: [ app_end ] --START--
INFO: Run Behavior\ShowPageTraceBehavior [ RunTime:0.000947s ]
INFO: [ app_end ] --END-- [ RunTime:0.001003s ]

[ 2018-01-06T22:28:58+08:00 ] ::1 /CWP/admin/admin.php/Home/Main/index.html
INFO: [ app_init ] --START--
INFO: Run Behavior\BuildLiteBehavior [ RunTime:0.000018s ]
INFO: [ app_init ] --END-- [ RunTime:0.000674s ]
INFO: [ app_begin ] --START--
INFO: Run Behavior\ReadHtmlCacheBehavior [ RunTime:0.001381s ]
INFO: [ app_begin ] --END-- [ RunTime:0.001505s ]
INFO: [ view_parse ] --START--
INFO: [ template_filter ] --START--
INFO: Run Behavior\ContentReplaceBehavior [ RunTime:0.000075s ]
INFO: [ template_filter ] --END-- [ RunTime:0.000158s ]
INFO: Run Behavior\ParseTemplateBehavior [ RunTime:0.014449s ]
INFO: [ view_parse ] --END-- [ RunTime:0.014542s ]
INFO: [ view_filter ] --START--
INFO: Run Behavior\WriteHtmlCacheBehavior [ RunTime:0.000991s ]
INFO: [ view_filter ] --END-- [ RunTime:0.001051s ]
INFO: [ app_end ] --START--
INFO: Run Behavior\ShowPageTraceBehavior [ RunTime:0.001419s ]
INFO: [ app_end ] --END-- [ RunTime:0.001506s ]

[ 2018-01-06T22:29:00+08:00 ] ::1 /CWP/admin/admin.php/Home/User/index.html
INFO: [ app_init ] --START--
INFO: Run Behavior\BuildLiteBehavior [ RunTime:0.000017s ]
INFO: [ app_init ] --END-- [ RunTime:0.000493s ]
INFO: [ app_begin ] --START--
INFO: Run Behavior\ReadHtmlCacheBehavior [ RunTime:0.000887s ]
INFO: [ app_begin ] --END-- [ RunTime:0.000955s ]
SQL: SHOW COLUMNS FROM `cwp_user` [ RunTime:0.0109s ]
SQL: SELECT COUNT(*) AS tp_count FROM `cwp_user` LIMIT 1   [ RunTime:0.0003s ]
NOTIC: [2] Invalid argument supplied for foreach() E:\xampp\htdocs\CWP\admin\ThinkPHP\Library\Think\Db\Driver.class.php 第 504 行.
SQL: SELECT * FROM `cwp_user` ORDER BY userid ASC LIMIT 0,7   [ RunTime:0.0006s ]
INFO: [ view_parse ] --START--
INFO: [ template_filter ] --START--
INFO: Run Behavior\ContentReplaceBehavior [ RunTime:0.000085s ]
INFO: [ template_filter ] --END-- [ RunTime:0.000153s ]
NOTIC: [8] Use of undefined constant usertype - assumed 'usertype' E:\xampp\htdocs\CWP\admin\Runtime\Cache\Home\d133c0f2b95298c4e1dfaedafa39a0b7.php 第 71 行.
NOTIC: [8] Use of undefined constant userpic - assumed 'userpic' E:\xampp\htdocs\CWP\admin\Runtime\Cache\Home\d133c0f2b95298c4e1dfaedafa39a0b7.php 第 73 行.
NOTIC: [8] Use of undefined constant usersex - assumed 'usersex' E:\xampp\htdocs\CWP\admin\Runtime\Cache\Home\d133c0f2b95298c4e1dfaedafa39a0b7.php 第 78 行.
NOTIC: [8] Use of undefined constant usertype - assumed 'usertype' E:\xampp\htdocs\CWP\admin\Runtime\Cache\Home\d133c0f2b95298c4e1dfaedafa39a0b7.php 第 71 行.
NOTIC: [8] Use of undefined constant userpic - assumed 'userpic' E:\xampp\htdocs\CWP\admin\Runtime\Cache\Home\d133c0f2b95298c4e1dfaedafa39a0b7.php 第 73 行.
NOTIC: [8] Use of undefined constant usersex - assumed 'usersex' E:\xampp\htdocs\CWP\admin\Runtime\Cache\Home\d133c0f2b95298c4e1dfaedafa39a0b7.php 第 78 行.
NOTIC: [8] Use of undefined constant usertype - assumed 'usertype' E:\xampp\htdocs\CWP\admin\Runtime\Cache\Home\d133c0f2b95298c4e1dfaedafa39a0b7.php 第 71 行.
NOTIC: [8] Use of undefined constant userpic - assumed 'userpic' E:\xampp\htdocs\CWP\admin\Runtime\Cache\Home\d133c0f2b95298c4e1dfaedafa39a0b7.php 第 73 行.
NOTIC: [8] Use of undefined constant usersex - assumed 'usersex' E:\xampp\htdocs\CWP\admin\Runtime\Cache\Home\d133c0f2b95298c4e1dfaedafa39a0b7.php 第 78 行.
NOTIC: [8] Use of undefined constant usertype - assumed 'usertype' E:\xampp\htdocs\CWP\admin\Runtime\Cache\Home\d133c0f2b95298c4e1dfaedafa39a0b7.php 第 71 行.
NOTIC: [8] Use of undefined constant userpic - assumed 'userpic' E:\xampp\htdocs\CWP\admin\Runtime\Cache\Home\d133c0f2b95298c4e1dfaedafa39a0b7.php 第 73 行.
NOTIC: [8] Use of undefined constant usersex - assumed 'usersex' E:\xampp\htdocs\CWP\admin\Runtime\Cache\Home\d133c0f2b95298c4e1dfaedafa39a0b7.php 第 78 行.
NOTIC: [8] Use of undefined constant usertype - assumed 'usertype' E:\xampp\htdocs\CWP\admin\Runtime\Cache\Home\d133c0f2b95298c4e1dfaedafa39a0b7.php 第 71 行.
NOTIC: [8] Use of undefined constant userpic - assumed 'userpic' E:\xampp\htdocs\CWP\admin\Runtime\Cache\Home\d133c0f2b95298c4e1dfaedafa39a0b7.php 第 73 行.
NOTIC: [8] Use of undefined constant usersex - assumed 'usersex' E:\xampp\htdocs\CWP\admin\Runtime\Cache\Home\d133c0f2b95298c4e1dfaedafa39a0b7.php 第 78 行.
NOTIC: [8] Use of undefined constant usertype - assumed 'usertype' E:\xampp\htdocs\CWP\admin\Runtime\Cache\Home\d133c0f2b95298c4e1dfaedafa39a0b7.php 第 71 行.
NOTIC: [8] Use of undefined constant userpic - assumed 'userpic' E:\xampp\htdocs\CWP\admin\Runtime\Cache\Home\d133c0f2b95298c4e1dfaedafa39a0b7.php 第 73 行.
NOTIC: [8] Use of undefined constant usersex - assumed 'usersex' E:\xampp\htdocs\CWP\admin\Runtime\Cache\Home\d133c0f2b95298c4e1dfaedafa39a0b7.php 第 78 行.
INFO: Run Behavior\ParseTemplateBehavior [ RunTime:0.018425s ]
INFO: [ view_parse ] --END-- [ RunTime:0.018496s ]
INFO: [ view_filter ] --START--
INFO: Run Behavior\WriteHtmlCacheBehavior [ RunTime:0.000813s ]
INFO: [ view_filter ] --END-- [ RunTime:0.000863s ]
INFO: [ app_end ] --START--
INFO: Run Behavior\ShowPageTraceBehavior [ RunTime:0.001230s ]
INFO: [ app_end ] --END-- [ RunTime:0.001321s ]

[ 2018-01-06T22:29:03+08:00 ] ::1 /CWP/admin/admin.php/Home/User/edit/id/14.html
INFO: [ app_init ] --START--
INFO: Run Behavior\BuildLiteBehavior [ RunTime:0.000016s ]
INFO: [ app_init ] --END-- [ RunTime:0.000491s ]
INFO: [ app_begin ] --START--
INFO: Run Behavior\ReadHtmlCacheBehavior [ RunTime:0.000794s ]
INFO: [ app_begin ] --END-- [ RunTime:0.000853s ]
SQL: SHOW COLUMNS FROM `cwp_user` [ RunTime:0.0092s ]
SQL: SELECT * FROM `cwp_user` WHERE ( userid = 14 ) LIMIT 1   [ RunTime:0.0005s ]
INFO: [ view_parse ] --START--
INFO: [ template_filter ] --START--
INFO: Run Behavior\ContentReplaceBehavior [ RunTime:0.000079s ]
INFO: [ template_filter ] --END-- [ RunTime:0.000137s ]
INFO: Run Behavior\ParseTemplateBehavior [ RunTime:0.013522s ]
INFO: [ view_parse ] --END-- [ RunTime:0.013605s ]
INFO: [ view_filter ] --START--
INFO: Run Behavior\WriteHtmlCacheBehavior [ RunTime:0.000736s ]
INFO: [ view_filter ] --END-- [ RunTime:0.000805s ]
INFO: [ app_end ] --START--
INFO: Run Behavior\ShowPageTraceBehavior [ RunTime:0.001005s ]
INFO: [ app_end ] --END-- [ RunTime:0.001092s ]

[ 2018-01-06T22:29:24+08:00 ] ::1 /CWP/admin/admin.php
INFO: [ app_init ] --START--
INFO: Run Behavior\BuildLiteBehavior [ RunTime:0.000026s ]
INFO: [ app_init ] --END-- [ RunTime:0.000905s ]
INFO: [ app_begin ] --START--
INFO: Run Behavior\ReadHtmlCacheBehavior [ RunTime:0.001672s ]
INFO: [ app_begin ] --END-- [ RunTime:0.001832s ]
INFO: [ view_parse ] --START--
INFO: [ template_filter ] --START--
INFO: Run Behavior\ContentReplaceBehavior [ RunTime:0.000080s ]
INFO: [ template_filter ] --END-- [ RunTime:0.000160s ]
INFO: Run Behavior\ParseTemplateBehavior [ RunTime:0.018235s ]
INFO: [ view_parse ] --END-- [ RunTime:0.018341s ]
INFO: [ view_filter ] --START--
INFO: Run Behavior\WriteHtmlCacheBehavior [ RunTime:0.000865s ]
INFO: [ view_filter ] --END-- [ RunTime:0.000952s ]
INFO: [ app_end ] --START--
INFO: Run Behavior\ShowPageTraceBehavior [ RunTime:0.001142s ]
INFO: [ app_end ] --END-- [ RunTime:0.001230s ]

[ 2018-01-06T22:34:45+08:00 ] ::1 /CWP/admin/admin.php/Home/Login/checklogin.html
INFO: [ app_init ] --START--
INFO: Run Behavior\BuildLiteBehavior [ RunTime:0.000020s ]
INFO: [ app_init ] --END-- [ RunTime:0.001389s ]
INFO: [ app_begin ] --START--
INFO: Run Behavior\ReadHtmlCacheBehavior [ RunTime:0.004206s ]
INFO: [ app_begin ] --END-- [ RunTime:0.004359s ]
SQL: SHOW COLUMNS FROM `cwp_user` [ RunTime:0.0192s ]
SQL: SELECT * FROM `cwp_user` WHERE ( userName='wew' AND userPwd='ewe' AND userType = 1 ) LIMIT 1   [ RunTime:0.0013s ]
INFO: [ view_parse ] --START--
INFO: [ template_filter ] --START--
INFO: Run Behavior\ContentReplaceBehavior [ RunTime:0.000160s ]
INFO: [ template_filter ] --END-- [ RunTime:0.000232s ]
INFO: Run Behavior\ParseTemplateBehavior [ RunTime:0.017415s ]
INFO: [ view_parse ] --END-- [ RunTime:0.017600s ]
INFO: [ view_filter ] --START--
INFO: Run Behavior\WriteHtmlCacheBehavior [ RunTime:0.000871s ]
INFO: [ view_filter ] --END-- [ RunTime:0.000929s ]

[ 2018-01-06T22:59:24+08:00 ] ::1 /CWP/admin/admin.php/Home/Login/checklogin.html
INFO: [ app_init ] --START--
INFO: Run Behavior\BuildLiteBehavior [ RunTime:0.000026s ]
INFO: [ app_init ] --END-- [ RunTime:0.001082s ]
INFO: [ app_begin ] --START--
INFO: Run Behavior\ReadHtmlCacheBehavior [ RunTime:0.002991s ]
INFO: [ app_begin ] --END-- [ RunTime:0.003133s ]
SQL: SHOW COLUMNS FROM `cwp_user` [ RunTime:0.0157s ]
SQL: SELECT * FROM `cwp_user` WHERE ( userName='1' AND userPwd='1' AND userType = 1 ) LIMIT 1   [ RunTime:0.0006s ]
SQL: UPDATE `cwp_user` SET `userLastLoginTime`='2018-01-06 22:59:24' WHERE ( userId=1 ) [ RunTime:0.0404s ]
INFO: [ view_parse ] --START--
INFO: [ template_filter ] --START--
INFO: Run Behavior\ContentReplaceBehavior [ RunTime:0.000154s ]
INFO: [ template_filter ] --END-- [ RunTime:0.000221s ]
INFO: Run Behavior\ParseTemplateBehavior [ RunTime:0.016374s ]
INFO: [ view_parse ] --END-- [ RunTime:0.016529s ]
INFO: [ view_filter ] --START--
INFO: Run Behavior\WriteHtmlCacheBehavior [ RunTime:0.001123s ]
INFO: [ view_filter ] --END-- [ RunTime:0.001248s ]
INFO: [ app_end ] --START--
INFO: Run Behavior\ShowPageTraceBehavior [ RunTime:0.002052s ]
INFO: [ app_end ] --END-- [ RunTime:0.002227s ]

[ 2018-01-06T22:59:26+08:00 ] ::1 /CWP/admin/admin.php/Home/Main/index.html
INFO: [ app_init ] --START--
INFO: Run Behavior\BuildLiteBehavior [ RunTime:0.000029s ]
INFO: [ app_init ] --END-- [ RunTime:0.000948s ]
INFO: [ app_begin ] --START--
INFO: Run Behavior\ReadHtmlCacheBehavior [ RunTime:0.004158s ]
INFO: [ app_begin ] --END-- [ RunTime:0.004450s ]
INFO: [ view_parse ] --START--
INFO: [ template_filter ] --START--
INFO: Run Behavior\ContentReplaceBehavior [ RunTime:0.000215s ]
INFO: [ template_filter ] --END-- [ RunTime:0.000472s ]
INFO: Run Behavior\ParseTemplateBehavior [ RunTime:0.025627s ]
INFO: [ view_parse ] --END-- [ RunTime:0.025798s ]
INFO: [ view_filter ] --START--
INFO: Run Behavior\WriteHtmlCacheBehavior [ RunTime:0.001869s ]
INFO: [ view_filter ] --END-- [ RunTime:0.001973s ]
INFO: [ app_end ] --START--
INFO: Run Behavior\ShowPageTraceBehavior [ RunTime:0.001579s ]
INFO: [ app_end ] --END-- [ RunTime:0.001677s ]

[ 2018-01-06T22:59:33+08:00 ] ::1 /CWP/admin/admin.php/Home/User/index.html
INFO: [ app_init ] --START--
INFO: Run Behavior\BuildLiteBehavior [ RunTime:0.000015s ]
INFO: [ app_init ] --END-- [ RunTime:0.000510s ]
INFO: [ app_begin ] --START--
INFO: Run Behavior\ReadHtmlCacheBehavior [ RunTime:0.000859s ]
INFO: [ app_begin ] --END-- [ RunTime:0.000929s ]
SQL: SHOW COLUMNS FROM `cwp_user` [ RunTime:0.0138s ]
SQL: SELECT COUNT(*) AS tp_count FROM `cwp_user` LIMIT 1   [ RunTime:0.0005s ]
NOTIC: [2] Invalid argument supplied for foreach() E:\xampp\htdocs\CWP\admin\ThinkPHP\Library\Think\Db\Driver.class.php 第 504 行.
SQL: SELECT * FROM `cwp_user` ORDER BY userid ASC LIMIT 0,7   [ RunTime:0.0007s ]
INFO: [ view_parse ] --START--
INFO: [ template_filter ] --START--
INFO: Run Behavior\ContentReplaceBehavior [ RunTime:0.000159s ]
INFO: [ template_filter ] --END-- [ RunTime:0.000292s ]
NOTIC: [8] Use of undefined constant usertype - assumed 'usertype' E:\xampp\htdocs\CWP\admin\Runtime\Cache\Home\d133c0f2b95298c4e1dfaedafa39a0b7.php 第 71 行.
NOTIC: [8] Use of undefined constant userpic - assumed 'userpic' E:\xampp\htdocs\CWP\admin\Runtime\Cache\Home\d133c0f2b95298c4e1dfaedafa39a0b7.php 第 73 行.
NOTIC: [8] Use of undefined constant usersex - assumed 'usersex' E:\xampp\htdocs\CWP\admin\Runtime\Cache\Home\d133c0f2b95298c4e1dfaedafa39a0b7.php 第 78 行.
NOTIC: [8] Use of undefined constant usertype - assumed 'usertype' E:\xampp\htdocs\CWP\admin\Runtime\Cache\Home\d133c0f2b95298c4e1dfaedafa39a0b7.php 第 71 行.
NOTIC: [8] Use of undefined constant userpic - assumed 'userpic' E:\xampp\htdocs\CWP\admin\Runtime\Cache\Home\d133c0f2b95298c4e1dfaedafa39a0b7.php 第 73 行.
NOTIC: [8] Use of undefined constant usersex - assumed 'usersex' E:\xampp\htdocs\CWP\admin\Runtime\Cache\Home\d133c0f2b95298c4e1dfaedafa39a0b7.php 第 78 行.
NOTIC: [8] Use of undefined constant usertype - assumed 'usertype' E:\xampp\htdocs\CWP\admin\Runtime\Cache\Home\d133c0f2b95298c4e1dfaedafa39a0b7.php 第 71 行.
NOTIC: [8] Use of undefined constant userpic - assumed 'userpic' E:\xampp\htdocs\CWP\admin\Runtime\Cache\Home\d133c0f2b95298c4e1dfaedafa39a0b7.php 第 73 行.
NOTIC: [8] Use of undefined constant usersex - assumed 'usersex' E:\xampp\htdocs\CWP\admin\Runtime\Cache\Home\d133c0f2b95298c4e1dfaedafa39a0b7.php 第 78 行.
NOTIC: [8] Use of undefined constant usertype - assumed 'usertype' E:\xampp\htdocs\CWP\admin\Runtime\Cache\Home\d133c0f2b95298c4e1dfaedafa39a0b7.php 第 71 行.
NOTIC: [8] Use of undefined constant userpic - assumed 'userpic' E:\xampp\htdocs\CWP\admin\Runtime\Cache\Home\d133c0f2b95298c4e1dfaedafa39a0b7.php 第 73 行.
NOTIC: [8] Use of undefined constant usersex - assumed 'usersex' E:\xampp\htdocs\CWP\admin\Runtime\Cache\Home\d133c0f2b95298c4e1dfaedafa39a0b7.php 第 78 行.
NOTIC: [8] Use of undefined constant usertype - assumed 'usertype' E:\xampp\htdocs\CWP\admin\Runtime\Cache\Home\d133c0f2b95298c4e1dfaedafa39a0b7.php 第 71 行.
NOTIC: [8] Use of undefined constant userpic - assumed 'userpic' E:\xampp\htdocs\CWP\admin\Runtime\Cache\Home\d133c0f2b95298c4e1dfaedafa39a0b7.php 第 73 行.
NOTIC: [8] Use of undefined constant usersex - assumed 'usersex' E:\xampp\htdocs\CWP\admin\Runtime\Cache\Home\d133c0f2b95298c4e1dfaedafa39a0b7.php 第 78 行.
NOTIC: [8] Use of undefined constant usertype - assumed 'usertype' E:\xampp\htdocs\CWP\admin\Runtime\Cache\Home\d133c0f2b95298c4e1dfaedafa39a0b7.php 第 71 行.
NOTIC: [8] Use of undefined constant userpic - assumed 'userpic' E:\xampp\htdocs\CWP\admin\Runtime\Cache\Home\d133c0f2b95298c4e1dfaedafa39a0b7.php 第 73 行.
NOTIC: [8] Use of undefined constant usersex - assumed 'usersex' E:\xampp\htdocs\CWP\admin\Runtime\Cache\Home\d133c0f2b95298c4e1dfaedafa39a0b7.php 第 78 行.
INFO: Run Behavior\ParseTemplateBehavior [ RunTime:0.029259s ]
INFO: [ view_parse ] --END-- [ RunTime:0.029359s ]
INFO: [ view_filter ] --START--
INFO: Run Behavior\WriteHtmlCacheBehavior [ RunTime:0.001025s ]
INFO: [ view_filter ] --END-- [ RunTime:0.001104s ]
INFO: [ app_end ] --START--
INFO: Run Behavior\ShowPageTraceBehavior [ RunTime:0.002222s ]
INFO: [ app_end ] --END-- [ RunTime:0.002918s ]

[ 2018-01-06T22:59:35+08:00 ] ::1 /CWP/admin/admin.php/Home/User/edit/id/1.html
INFO: [ app_init ] --START--
INFO: Run Behavior\BuildLiteBehavior [ RunTime:0.000016s ]
INFO: [ app_init ] --END-- [ RunTime:0.000521s ]
INFO: [ app_begin ] --START--
INFO: Run Behavior\ReadHtmlCacheBehavior [ RunTime:0.001144s ]
INFO: [ app_begin ] --END-- [ RunTime:0.001231s ]
SQL: SHOW COLUMNS FROM `cwp_user` [ RunTime:0.0130s ]
SQL: SELECT * FROM `cwp_user` WHERE ( userid = 1 ) LIMIT 1   [ RunTime:0.0006s ]
INFO: [ view_parse ] --START--
INFO: [ template_filter ] --START--
INFO: Run Behavior\ContentReplaceBehavior [ RunTime:0.000116s ]
INFO: [ template_filter ] --END-- [ RunTime:0.000213s ]
INFO: Run Behavior\ParseTemplateBehavior [ RunTime:0.018360s ]
INFO: [ view_parse ] --END-- [ RunTime:0.018463s ]
INFO: [ view_filter ] --START--
INFO: Run Behavior\WriteHtmlCacheBehavior [ RunTime:0.000813s ]
INFO: [ view_filter ] --END-- [ RunTime:0.000885s ]
INFO: [ app_end ] --START--
INFO: Run Behavior\ShowPageTraceBehavior [ RunTime:0.001126s ]
INFO: [ app_end ] --END-- [ RunTime:0.001202s ]

[ 2018-01-06T22:59:38+08:00 ] ::1 /CWP/admin/admin.php/Home/User/doEdit.html
INFO: [ app_init ] --START--
INFO: Run Behavior\BuildLiteBehavior [ RunTime:0.000017s ]
INFO: [ app_init ] --END-- [ RunTime:0.000525s ]
INFO: [ app_begin ] --START--
INFO: Run Behavior\ReadHtmlCacheBehavior [ RunTime:0.000808s ]
INFO: [ app_begin ] --END-- [ RunTime:0.000870s ]
SQL: SHOW COLUMNS FROM `cwp_user` [ RunTime:0.0126s ]
NOTIC: [8] Undefined index: validate E:\xampp\htdocs\CWP\admin\ThinkPHP\Library\Think\Model.class.php 第 1185 行.
NOTIC: [8] Undefined index: auto E:\xampp\htdocs\CWP\admin\ThinkPHP\Library\Think\Model.class.php 第 1128 行.
SQL: UPDATE `cwp_user` SET `userPwd`='1',`userNickName`='麋鹿麋鹿',`userSex`='1',`userInfo`='我是小王子o' WHERE `userId` = 1 [ RunTime:0.0774s ]
INFO: [ view_parse ] --START--
INFO: [ template_filter ] --START--
INFO: Run Behavior\ContentReplaceBehavior [ RunTime:0.000436s ]
INFO: [ template_filter ] --END-- [ RunTime:0.000640s ]
INFO: Run Behavior\ParseTemplateBehavior [ RunTime:0.032259s ]
INFO: [ view_parse ] --END-- [ RunTime:0.032509s ]
INFO: [ view_filter ] --START--
INFO: Run Behavior\WriteHtmlCacheBehavior [ RunTime:0.002178s ]
INFO: [ view_filter ] --END-- [ RunTime:0.002360s ]

[ 2018-01-06T23:04:33+08:00 ] ::1 /CWP/admin/admin.php
INFO: [ app_init ] --START--
INFO: Run Behavior\BuildLiteBehavior [ RunTime:0.000025s ]
INFO: [ app_init ] --END-- [ RunTime:0.000800s ]
INFO: [ app_begin ] --START--
INFO: Run Behavior\ReadHtmlCacheBehavior [ RunTime:0.001579s ]
INFO: [ app_begin ] --END-- [ RunTime:0.001714s ]
INFO: [ view_parse ] --START--
INFO: [ template_filter ] --START--
INFO: Run Behavior\ContentReplaceBehavior [ RunTime:0.000149s ]
INFO: [ template_filter ] --END-- [ RunTime:0.000428s ]
INFO: Run Behavior\ParseTemplateBehavior [ RunTime:0.016709s ]
INFO: [ view_parse ] --END-- [ RunTime:0.016826s ]
INFO: [ view_filter ] --START--
INFO: Run Behavior\WriteHtmlCacheBehavior [ RunTime:0.001311s ]
INFO: [ view_filter ] --END-- [ RunTime:0.001385s ]
INFO: [ app_end ] --START--
INFO: Run Behavior\ShowPageTraceBehavior [ RunTime:0.001332s ]
INFO: [ app_end ] --END-- [ RunTime:0.001399s ]

[ 2018-01-06T23:04:38+08:00 ] ::1 /CWP/admin/admin.php/Home/Login/checklogin.html
INFO: [ app_init ] --START--
INFO: Run Behavior\BuildLiteBehavior [ RunTime:0.000037s ]
INFO: [ app_init ] --END-- [ RunTime:0.001559s ]
INFO: [ app_begin ] --START--
INFO: Run Behavior\ReadHtmlCacheBehavior [ RunTime:0.001434s ]
INFO: [ app_begin ] --END-- [ RunTime:0.001556s ]
SQL: SHOW COLUMNS FROM `cwp_user` [ RunTime:0.0149s ]
SQL: SELECT * FROM `cwp_user` WHERE ( userName='1' AND userPwd='1' AND userType = 1 ) LIMIT 1   [ RunTime:0.0014s ]
SQL: UPDATE `cwp_user` SET `userLastLoginTime`='2018-01-06 23:04:37' WHERE ( userId=1 ) [ RunTime:0.0572s ]
INFO: [ view_parse ] --START--
INFO: [ template_filter ] --START--
INFO: Run Behavior\ContentReplaceBehavior [ RunTime:0.000310s ]
INFO: [ template_filter ] --END-- [ RunTime:0.000413s ]
INFO: Run Behavior\ParseTemplateBehavior [ RunTime:0.019527s ]
INFO: [ view_parse ] --END-- [ RunTime:0.019654s ]
INFO: [ view_filter ] --START--
INFO: Run Behavior\WriteHtmlCacheBehavior [ RunTime:0.001471s ]
INFO: [ view_filter ] --END-- [ RunTime:0.001597s ]
INFO: [ app_end ] --START--
INFO: Run Behavior\ShowPageTraceBehavior [ RunTime:0.001419s ]
INFO: [ app_end ] --END-- [ RunTime:0.001522s ]

[ 2018-01-06T23:04:39+08:00 ] ::1 /CWP/admin/admin.php/Home/Main/index.html
INFO: [ app_init ] --START--
INFO: Run Behavior\BuildLiteBehavior [ RunTime:0.000025s ]
INFO: [ app_init ] --END-- [ RunTime:0.000838s ]
INFO: [ app_begin ] --START--
INFO: Run Behavior\ReadHtmlCacheBehavior [ RunTime:0.001649s ]
INFO: [ app_begin ] --END-- [ RunTime:0.001736s ]
INFO: [ view_parse ] --START--
INFO: [ template_filter ] --START--
INFO: Run Behavior\ContentReplaceBehavior [ RunTime:0.000126s ]
INFO: [ template_filter ] --END-- [ RunTime:0.000237s ]
INFO: Run Behavior\ParseTemplateBehavior [ RunTime:0.013232s ]
INFO: [ view_parse ] --END-- [ RunTime:0.013375s ]
INFO: [ view_filter ] --START--
INFO: Run Behavior\WriteHtmlCacheBehavior [ RunTime:0.002820s ]
INFO: [ view_filter ] --END-- [ RunTime:0.002925s ]
INFO: [ app_end ] --START--
INFO: Run Behavior\ShowPageTraceBehavior [ RunTime:0.004004s ]
INFO: [ app_end ] --END-- [ RunTime:0.004111s ]

[ 2018-01-06T23:04:39+08:00 ] ::1 /CWP/admin/admin.php/Home/Main/index.html
INFO: [ app_init ] --START--
INFO: Run Behavior\BuildLiteBehavior [ RunTime:0.000042s ]
INFO: [ app_init ] --END-- [ RunTime:0.001065s ]
INFO: [ app_begin ] --START--
INFO: Run Behavior\ReadHtmlCacheBehavior [ RunTime:0.000971s ]
INFO: [ app_begin ] --END-- [ RunTime:0.001075s ]
INFO: [ view_parse ] --START--
INFO: [ template_filter ] --START--
INFO: Run Behavior\ContentReplaceBehavior [ RunTime:0.000074s ]
INFO: [ template_filter ] --END-- [ RunTime:0.000148s ]
INFO: Run Behavior\ParseTemplateBehavior [ RunTime:0.013641s ]
INFO: [ view_parse ] --END-- [ RunTime:0.013752s ]
INFO: [ view_filter ] --START--
INFO: Run Behavior\WriteHtmlCacheBehavior [ RunTime:0.000876s ]
INFO: [ view_filter ] --END-- [ RunTime:0.000956s ]
INFO: [ app_end ] --START--
INFO: Run Behavior\ShowPageTraceBehavior [ RunTime:0.000984s ]
INFO: [ app_end ] --END-- [ RunTime:0.001192s ]

[ 2018-01-06T23:04:40+08:00 ] ::1 /CWP/admin/admin.php/Home/User/index.html
INFO: [ app_init ] --START--
INFO: Run Behavior\BuildLiteBehavior [ RunTime:0.000017s ]
INFO: [ app_init ] --END-- [ RunTime:0.000660s ]
INFO: [ app_begin ] --START--
INFO: Run Behavior\ReadHtmlCacheBehavior [ RunTime:0.000793s ]
INFO: [ app_begin ] --END-- [ RunTime:0.000857s ]
SQL: SHOW COLUMNS FROM `cwp_user` [ RunTime:0.0097s ]
SQL: SELECT COUNT(*) AS tp_count FROM `cwp_user` LIMIT 1   [ RunTime:0.0004s ]
NOTIC: [2] Invalid argument supplied for foreach() E:\xampp\htdocs\CWP\admin\ThinkPHP\Library\Think\Db\Driver.class.php 第 504 行.
SQL: SELECT * FROM `cwp_user` ORDER BY userid ASC LIMIT 0,7   [ RunTime:0.0005s ]
INFO: [ view_parse ] --START--
INFO: [ template_filter ] --START--
INFO: Run Behavior\ContentReplaceBehavior [ RunTime:0.000084s ]
INFO: [ template_filter ] --END-- [ RunTime:0.000153s ]
NOTIC: [8] Use of undefined constant usertype - assumed 'usertype' E:\xampp\htdocs\CWP\admin\Runtime\Cache\Home\d133c0f2b95298c4e1dfaedafa39a0b7.php 第 71 行.
NOTIC: [8] Use of undefined constant userpic - assumed 'userpic' E:\xampp\htdocs\CWP\admin\Runtime\Cache\Home\d133c0f2b95298c4e1dfaedafa39a0b7.php 第 73 行.
NOTIC: [8] Use of undefined constant usersex - assumed 'usersex' E:\xampp\htdocs\CWP\admin\Runtime\Cache\Home\d133c0f2b95298c4e1dfaedafa39a0b7.php 第 78 行.
NOTIC: [8] Use of undefined constant usertype - assumed 'usertype' E:\xampp\htdocs\CWP\admin\Runtime\Cache\Home\d133c0f2b95298c4e1dfaedafa39a0b7.php 第 71 行.
NOTIC: [8] Use of undefined constant userpic - assumed 'userpic' E:\xampp\htdocs\CWP\admin\Runtime\Cache\Home\d133c0f2b95298c4e1dfaedafa39a0b7.php 第 73 行.
NOTIC: [8] Use of undefined constant usersex - assumed 'usersex' E:\xampp\htdocs\CWP\admin\Runtime\Cache\Home\d133c0f2b95298c4e1dfaedafa39a0b7.php 第 78 行.
NOTIC: [8] Use of undefined constant usertype - assumed 'usertype' E:\xampp\htdocs\CWP\admin\Runtime\Cache\Home\d133c0f2b95298c4e1dfaedafa39a0b7.php 第 71 行.
NOTIC: [8] Use of undefined constant userpic - assumed 'userpic' E:\xampp\htdocs\CWP\admin\Runtime\Cache\Home\d133c0f2b95298c4e1dfaedafa39a0b7.php 第 73 行.
NOTIC: [8] Use of undefined constant usersex - assumed 'usersex' E:\xampp\htdocs\CWP\admin\Runtime\Cache\Home\d133c0f2b95298c4e1dfaedafa39a0b7.php 第 78 行.
NOTIC: [8] Use of undefined constant usertype - assumed 'usertype' E:\xampp\htdocs\CWP\admin\Runtime\Cache\Home\d133c0f2b95298c4e1dfaedafa39a0b7.php 第 71 行.
NOTIC: [8] Use of undefined constant userpic - assumed 'userpic' E:\xampp\htdocs\CWP\admin\Runtime\Cache\Home\d133c0f2b95298c4e1dfaedafa39a0b7.php 第 73 行.
NOTIC: [8] Use of undefined constant usersex - assumed 'usersex' E:\xampp\htdocs\CWP\admin\Runtime\Cache\Home\d133c0f2b95298c4e1dfaedafa39a0b7.php 第 78 行.
NOTIC: [8] Use of undefined constant usertype - assumed 'usertype' E:\xampp\htdocs\CWP\admin\Runtime\Cache\Home\d133c0f2b95298c4e1dfaedafa39a0b7.php 第 71 行.
NOTIC: [8] Use of undefined constant userpic - assumed 'userpic' E:\xampp\htdocs\CWP\admin\Runtime\Cache\Home\d133c0f2b95298c4e1dfaedafa39a0b7.php 第 73 行.
NOTIC: [8] Use of undefined constant usersex - assumed 'usersex' E:\xampp\htdocs\CWP\admin\Runtime\Cache\Home\d133c0f2b95298c4e1dfaedafa39a0b7.php 第 78 行.
NOTIC: [8] Use of undefined constant usertype - assumed 'usertype' E:\xampp\htdocs\CWP\admin\Runtime\Cache\Home\d133c0f2b95298c4e1dfaedafa39a0b7.php 第 71 行.
NOTIC: [8] Use of undefined constant userpic - assumed 'userpic' E:\xampp\htdocs\CWP\admin\Runtime\Cache\Home\d133c0f2b95298c4e1dfaedafa39a0b7.php 第 73 行.
NOTIC: [8] Use of undefined constant usersex - assumed 'usersex' E:\xampp\htdocs\CWP\admin\Runtime\Cache\Home\d133c0f2b95298c4e1dfaedafa39a0b7.php 第 78 行.
INFO: Run Behavior\ParseTemplateBehavior [ RunTime:0.017275s ]
INFO: [ view_parse ] --END-- [ RunTime:0.017347s ]
INFO: [ view_filter ] --START--
INFO: Run Behavior\WriteHtmlCacheBehavior [ RunTime:0.000692s ]
INFO: [ view_filter ] --END-- [ RunTime:0.000746s ]
INFO: [ app_end ] --START--
INFO: Run Behavior\ShowPageTraceBehavior [ RunTime:0.000939s ]
INFO: [ app_end ] --END-- [ RunTime:0.001030s ]

[ 2018-01-06T23:04:44+08:00 ] ::1 /CWP/admin/admin.php/Home/User/edit/id/1.html
INFO: [ app_init ] --START--
INFO: Run Behavior\BuildLiteBehavior [ RunTime:0.000018s ]
INFO: [ app_init ] --END-- [ RunTime:0.000736s ]
INFO: [ app_begin ] --START--
INFO: Run Behavior\ReadHtmlCacheBehavior [ RunTime:0.000784s ]
INFO: [ app_begin ] --END-- [ RunTime:0.000848s ]
SQL: SHOW COLUMNS FROM `cwp_user` [ RunTime:0.0089s ]
SQL: SELECT * FROM `cwp_user` WHERE ( userid = 1 ) LIMIT 1   [ RunTime:0.0004s ]
INFO: [ view_parse ] --START--
INFO: [ template_filter ] --START--
INFO: Run Behavior\ContentReplaceBehavior [ RunTime:0.000086s ]
INFO: [ template_filter ] --END-- [ RunTime:0.000149s ]
INFO: Run Behavior\ParseTemplateBehavior [ RunTime:0.012475s ]
INFO: [ view_parse ] --END-- [ RunTime:0.012544s ]
INFO: [ view_filter ] --START--
INFO: Run Behavior\WriteHtmlCacheBehavior [ RunTime:0.000567s ]
INFO: [ view_filter ] --END-- [ RunTime:0.000614s ]
INFO: [ app_end ] --START--
INFO: Run Behavior\ShowPageTraceBehavior [ RunTime:0.000731s ]
INFO: [ app_end ] --END-- [ RunTime:0.000784s ]

[ 2018-01-06T23:04:46+08:00 ] ::1 /CWP/admin/admin.php/Home/User/doEdit.html
INFO: [ app_init ] --START--
INFO: Run Behavior\BuildLiteBehavior [ RunTime:0.000027s ]
INFO: [ app_init ] --END-- [ RunTime:0.001018s ]
INFO: [ app_begin ] --START--
INFO: Run Behavior\ReadHtmlCacheBehavior [ RunTime:0.001039s ]
INFO: [ app_begin ] --END-- [ RunTime:0.001123s ]
SQL: SHOW COLUMNS FROM `cwp_user` [ RunTime:0.0097s ]
NOTIC: [8] Undefined index: validate E:\xampp\htdocs\CWP\admin\ThinkPHP\Library\Think\Model.class.php 第 1185 行.
NOTIC: [8] Undefined index: auto E:\xampp\htdocs\CWP\admin\ThinkPHP\Library\Think\Model.class.php 第 1128 行.
SQL: UPDATE `cwp_user` SET `userPwd`='1',`userNickName`='麋鹿麋鹿',`userSex`='1',`userInfo`='我是小王子o' WHERE `userId` = 1 [ RunTime:0.0750s ]
INFO: [ view_parse ] --START--
INFO: [ template_filter ] --START--
INFO: Run Behavior\ContentReplaceBehavior [ RunTime:0.000152s ]
INFO: [ template_filter ] --END-- [ RunTime:0.000213s ]
INFO: Run Behavior\ParseTemplateBehavior [ RunTime:0.013457s ]
INFO: [ view_parse ] --END-- [ RunTime:0.013538s ]
INFO: [ view_filter ] --START--
INFO: Run Behavior\WriteHtmlCacheBehavior [ RunTime:0.000558s ]
INFO: [ view_filter ] --END-- [ RunTime:0.000620s ]

[ 2018-01-06T23:04:51+08:00 ] ::1 /CWP/admin/admin.php/Home/User/doEdit.html
INFO: [ app_init ] --START--
INFO: Run Behavior\BuildLiteBehavior [ RunTime:0.000035s ]
INFO: [ app_init ] --END-- [ RunTime:0.000851s ]
INFO: [ app_begin ] --START--
INFO: Run Behavior\ReadHtmlCacheBehavior [ RunTime:0.001274s ]
INFO: [ app_begin ] --END-- [ RunTime:0.001400s ]
SQL: SHOW COLUMNS FROM `cwp_user` [ RunTime:0.0107s ]
NOTIC: [8] Undefined index: validate E:\xampp\htdocs\CWP\admin\ThinkPHP\Library\Think\Model.class.php 第 1185 行.
NOTIC: [8] Undefined index: auto E:\xampp\htdocs\CWP\admin\ThinkPHP\Library\Think\Model.class.php 第 1128 行.
SQL: UPDATE `cwp_user` SET `userPwd`='1',`userNickName`='麋鹿麋鹿',`userSex`='1',`userInfo`='我是小王子a' WHERE `userId` = 1 [ RunTime:0.0388s ]
INFO: [ view_parse ] --START--
INFO: [ template_filter ] --START--
INFO: Run Behavior\ContentReplaceBehavior [ RunTime:0.000209s ]
INFO: [ template_filter ] --END-- [ RunTime:0.000288s ]
INFO: Run Behavior\ParseTemplateBehavior [ RunTime:0.011113s ]
INFO: [ view_parse ] --END-- [ RunTime:0.011246s ]
INFO: [ view_filter ] --START--
INFO: Run Behavior\WriteHtmlCacheBehavior [ RunTime:0.000542s ]
INFO: [ view_filter ] --END-- [ RunTime:0.000589s ]
INFO: [ app_end ] --START--
INFO: Run Behavior\ShowPageTraceBehavior [ RunTime:0.001453s ]
INFO: [ app_end ] --END-- [ RunTime:0.001551s ]

[ 2018-01-06T23:04:52+08:00 ] ::1 /CWP/admin/admin.php/Home/User/edit/id/1.html
INFO: [ app_init ] --START--
INFO: Run Behavior\BuildLiteBehavior [ RunTime:0.000029s ]
INFO: [ app_init ] --END-- [ RunTime:0.000895s ]
INFO: [ app_begin ] --START--
INFO: Run Behavior\ReadHtmlCacheBehavior [ RunTime:0.001026s ]
INFO: [ app_begin ] --END-- [ RunTime:0.001113s ]
SQL: SHOW COLUMNS FROM `cwp_user` [ RunTime:0.0159s ]
SQL: SELECT * FROM `cwp_user` WHERE ( userid = 1 ) LIMIT 1   [ RunTime:0.0005s ]
INFO: [ view_parse ] --START--
INFO: [ template_filter ] --START--
INFO: Run Behavior\ContentReplaceBehavior [ RunTime:0.000082s ]
INFO: [ template_filter ] --END-- [ RunTime:0.000144s ]
INFO: Run Behavior\ParseTemplateBehavior [ RunTime:0.015024s ]
INFO: [ view_parse ] --END-- [ RunTime:0.015102s ]
INFO: [ view_filter ] --START--
INFO: Run Behavior\WriteHtmlCacheBehavior [ RunTime:0.000872s ]
INFO: [ view_filter ] --END-- [ RunTime:0.000985s ]
INFO: [ app_end ] --START--
INFO: Run Behavior\ShowPageTraceBehavior [ RunTime:0.001421s ]
INFO: [ app_end ] --END-- [ RunTime:0.001576s ]

[ 2018-01-06T23:05:01+08:00 ] ::1 /CWP/admin/admin.php/Home/User/doEdit.html
INFO: [ app_init ] --START--
INFO: Run Behavior\BuildLiteBehavior [ RunTime:0.000016s ]
INFO: [ app_init ] --END-- [ RunTime:0.000500s ]
INFO: [ app_begin ] --START--
INFO: Run Behavior\ReadHtmlCacheBehavior [ RunTime:0.000872s ]
INFO: [ app_begin ] --END-- [ RunTime:0.000934s ]
SQL: SHOW COLUMNS FROM `cwp_user` [ RunTime:0.0126s ]
NOTIC: [8] Undefined index: validate E:\xampp\htdocs\CWP\admin\ThinkPHP\Library\Think\Model.class.php 第 1185 行.
NOTIC: [8] Undefined index: auto E:\xampp\htdocs\CWP\admin\ThinkPHP\Library\Think\Model.class.php 第 1128 行.
NOTIC: [2] call_user_func() expects parameter 1 to be a valid callback, no array or string given E:\xampp\htdocs\CWP\admin\ThinkPHP\Library\Think\Upload.class.php 第 170 行.
SQL: UPDATE `cwp_user` SET `userPwd`='1',`userNickName`='麋鹿麋鹿',`userSex`='1',`userInfo`='我是小王子a',`userPic`='/5a50e59d7585b.jpg' WHERE `userId` = 1 [ RunTime:0.0638s ]
INFO: [ view_parse ] --START--
INFO: [ template_filter ] --START--
INFO: Run Behavior\ContentReplaceBehavior [ RunTime:0.000164s ]
INFO: [ template_filter ] --END-- [ RunTime:0.000234s ]
INFO: Run Behavior\ParseTemplateBehavior [ RunTime:0.017226s ]
INFO: [ view_parse ] --END-- [ RunTime:0.017337s ]
INFO: [ view_filter ] --START--
INFO: Run Behavior\WriteHtmlCacheBehavior [ RunTime:0.001129s ]
INFO: [ view_filter ] --END-- [ RunTime:0.001200s ]
INFO: [ app_end ] --START--
INFO: Run Behavior\ShowPageTraceBehavior [ RunTime:0.002333s ]
INFO: [ app_end ] --END-- [ RunTime:0.002428s ]

[ 2018-01-06T23:05:02+08:00 ] ::1 /CWP/admin/admin.php/Home/User/edit/id/1.html
INFO: [ app_init ] --START--
INFO: Run Behavior\BuildLiteBehavior [ RunTime:0.000022s ]
INFO: [ app_init ] --END-- [ RunTime:0.000734s ]
INFO: [ app_begin ] --START--
INFO: Run Behavior\ReadHtmlCacheBehavior [ RunTime:0.001055s ]
INFO: [ app_begin ] --END-- [ RunTime:0.001128s ]
SQL: SHOW COLUMNS FROM `cwp_user` [ RunTime:0.0137s ]
SQL: SELECT * FROM `cwp_user` WHERE ( userid = 1 ) LIMIT 1   [ RunTime:0.0004s ]
INFO: [ view_parse ] --START--
INFO: [ template_filter ] --START--
INFO: Run Behavior\ContentReplaceBehavior [ RunTime:0.000084s ]
INFO: [ template_filter ] --END-- [ RunTime:0.000148s ]
INFO: Run Behavior\ParseTemplateBehavior [ RunTime:0.014965s ]
INFO: [ view_parse ] --END-- [ RunTime:0.015064s ]
INFO: [ view_filter ] --START--
INFO: Run Behavior\WriteHtmlCacheBehavior [ RunTime:0.000856s ]
INFO: [ view_filter ] --END-- [ RunTime:0.000922s ]
INFO: [ app_end ] --START--
INFO: Run Behavior\ShowPageTraceBehavior [ RunTime:0.001281s ]
INFO: [ app_end ] --END-- [ RunTime:0.001371s ]

[ 2018-01-06T23:05:04+08:00 ] ::1 /CWP/admin/admin.php/Home/User/edit/id/1.html
INFO: [ app_init ] --START--
INFO: Run Behavior\BuildLiteBehavior [ RunTime:0.000016s ]
INFO: [ app_init ] --END-- [ RunTime:0.000508s ]
INFO: [ app_begin ] --START--
INFO: Run Behavior\ReadHtmlCacheBehavior [ RunTime:0.000913s ]
INFO: [ app_begin ] --END-- [ RunTime:0.000971s ]
SQL: SHOW COLUMNS FROM `cwp_user` [ RunTime:0.0140s ]
SQL: SELECT * FROM `cwp_user` WHERE ( userid = 1 ) LIMIT 1   [ RunTime:0.0006s ]
INFO: [ view_parse ] --START--
INFO: [ template_filter ] --START--
INFO: Run Behavior\ContentReplaceBehavior [ RunTime:0.000134s ]
INFO: [ template_filter ] --END-- [ RunTime:0.000230s ]
INFO: Run Behavior\ParseTemplateBehavior [ RunTime:0.015035s ]
INFO: [ view_parse ] --END-- [ RunTime:0.015156s ]
INFO: [ view_filter ] --START--
INFO: Run Behavior\WriteHtmlCacheBehavior [ RunTime:0.001210s ]
INFO: [ view_filter ] --END-- [ RunTime:0.001301s ]
INFO: [ app_end ] --START--
INFO: Run Behavior\ShowPageTraceBehavior [ RunTime:0.001125s ]
INFO: [ app_end ] --END-- [ RunTime:0.001214s ]

[ 2018-01-06T23:05:06+08:00 ] ::1 /CWP/admin/admin.php/Home/User/edit/id/1.html
INFO: [ app_init ] --START--
INFO: Run Behavior\BuildLiteBehavior [ RunTime:0.000039s ]
INFO: [ app_init ] --END-- [ RunTime:0.000954s ]
INFO: [ app_begin ] --START--
INFO: Run Behavior\ReadHtmlCacheBehavior [ RunTime:0.001316s ]
INFO: [ app_begin ] --END-- [ RunTime:0.001414s ]
SQL: SHOW COLUMNS FROM `cwp_user` [ RunTime:0.0099s ]
SQL: SELECT * FROM `cwp_user` WHERE ( userid = 1 ) LIMIT 1   [ RunTime:0.0009s ]
INFO: [ view_parse ] --START--
INFO: [ template_filter ] --START--
INFO: Run Behavior\ContentReplaceBehavior [ RunTime:0.000082s ]
INFO: [ template_filter ] --END-- [ RunTime:0.000141s ]
INFO: Run Behavior\ParseTemplateBehavior [ RunTime:0.015879s ]
INFO: [ view_parse ] --END-- [ RunTime:0.016059s ]
INFO: [ view_filter ] --START--
INFO: Run Behavior\WriteHtmlCacheBehavior [ RunTime:0.001093s ]
INFO: [ view_filter ] --END-- [ RunTime:0.001162s ]
INFO: [ app_end ] --START--
INFO: Run Behavior\ShowPageTraceBehavior [ RunTime:0.001480s ]
INFO: [ app_end ] --END-- [ RunTime:0.001585s ]

[ 2018-01-06T23:05:09+08:00 ] ::1 /CWP/admin/admin.php/Home/User/index.html
INFO: [ app_init ] --START--
INFO: Run Behavior\BuildLiteBehavior [ RunTime:0.000015s ]
INFO: [ app_init ] --END-- [ RunTime:0.000491s ]
INFO: [ app_begin ] --START--
INFO: Run Behavior\ReadHtmlCacheBehavior [ RunTime:0.001232s ]
INFO: [ app_begin ] --END-- [ RunTime:0.001346s ]
SQL: SHOW COLUMNS FROM `cwp_user` [ RunTime:0.0098s ]
SQL: SELECT COUNT(*) AS tp_count FROM `cwp_user` LIMIT 1   [ RunTime:0.0003s ]
NOTIC: [2] Invalid argument supplied for foreach() E:\xampp\htdocs\CWP\admin\ThinkPHP\Library\Think\Db\Driver.class.php 第 504 行.
SQL: SELECT * FROM `cwp_user` ORDER BY userid ASC LIMIT 0,7   [ RunTime:0.0006s ]
INFO: [ view_parse ] --START--
INFO: [ template_filter ] --START--
INFO: Run Behavior\ContentReplaceBehavior [ RunTime:0.000083s ]
INFO: [ template_filter ] --END-- [ RunTime:0.000149s ]
NOTIC: [8] Use of undefined constant usertype - assumed 'usertype' E:\xampp\htdocs\CWP\admin\Runtime\Cache\Home\d133c0f2b95298c4e1dfaedafa39a0b7.php 第 71 行.
NOTIC: [8] Use of undefined constant userpic - assumed 'userpic' E:\xampp\htdocs\CWP\admin\Runtime\Cache\Home\d133c0f2b95298c4e1dfaedafa39a0b7.php 第 73 行.
NOTIC: [8] Use of undefined constant usersex - assumed 'usersex' E:\xampp\htdocs\CWP\admin\Runtime\Cache\Home\d133c0f2b95298c4e1dfaedafa39a0b7.php 第 78 行.
NOTIC: [8] Use of undefined constant usertype - assumed 'usertype' E:\xampp\htdocs\CWP\admin\Runtime\Cache\Home\d133c0f2b95298c4e1dfaedafa39a0b7.php 第 71 行.
NOTIC: [8] Use of undefined constant userpic - assumed 'userpic' E:\xampp\htdocs\CWP\admin\Runtime\Cache\Home\d133c0f2b95298c4e1dfaedafa39a0b7.php 第 73 行.
NOTIC: [8] Use of undefined constant usersex - assumed 'usersex' E:\xampp\htdocs\CWP\admin\Runtime\Cache\Home\d133c0f2b95298c4e1dfaedafa39a0b7.php 第 78 行.
NOTIC: [8] Use of undefined constant usertype - assumed 'usertype' E:\xampp\htdocs\CWP\admin\Runtime\Cache\Home\d133c0f2b95298c4e1dfaedafa39a0b7.php 第 71 行.
NOTIC: [8] Use of undefined constant userpic - assumed 'userpic' E:\xampp\htdocs\CWP\admin\Runtime\Cache\Home\d133c0f2b95298c4e1dfaedafa39a0b7.php 第 73 行.
NOTIC: [8] Use of undefined constant usersex - assumed 'usersex' E:\xampp\htdocs\CWP\admin\Runtime\Cache\Home\d133c0f2b95298c4e1dfaedafa39a0b7.php 第 78 行.
NOTIC: [8] Use of undefined constant usertype - assumed 'usertype' E:\xampp\htdocs\CWP\admin\Runtime\Cache\Home\d133c0f2b95298c4e1dfaedafa39a0b7.php 第 71 行.
NOTIC: [8] Use of undefined constant userpic - assumed 'userpic' E:\xampp\htdocs\CWP\admin\Runtime\Cache\Home\d133c0f2b95298c4e1dfaedafa39a0b7.php 第 73 行.
NOTIC: [8] Use of undefined constant usersex - assumed 'usersex' E:\xampp\htdocs\CWP\admin\Runtime\Cache\Home\d133c0f2b95298c4e1dfaedafa39a0b7.php 第 78 行.
NOTIC: [8] Use of undefined constant usertype - assumed 'usertype' E:\xampp\htdocs\CWP\admin\Runtime\Cache\Home\d133c0f2b95298c4e1dfaedafa39a0b7.php 第 71 行.
NOTIC: [8] Use of undefined constant userpic - assumed 'userpic' E:\xampp\htdocs\CWP\admin\Runtime\Cache\Home\d133c0f2b95298c4e1dfaedafa39a0b7.php 第 73 行.
NOTIC: [8] Use of undefined constant usersex - assumed 'usersex' E:\xampp\htdocs\CWP\admin\Runtime\Cache\Home\d133c0f2b95298c4e1dfaedafa39a0b7.php 第 78 行.
NOTIC: [8] Use of undefined constant usertype - assumed 'usertype' E:\xampp\htdocs\CWP\admin\Runtime\Cache\Home\d133c0f2b95298c4e1dfaedafa39a0b7.php 第 71 行.
NOTIC: [8] Use of undefined constant userpic - assumed 'userpic' E:\xampp\htdocs\CWP\admin\Runtime\Cache\Home\d133c0f2b95298c4e1dfaedafa39a0b7.php 第 73 行.
NOTIC: [8] Use of undefined constant usersex - assumed 'usersex' E:\xampp\htdocs\CWP\admin\Runtime\Cache\Home\d133c0f2b95298c4e1dfaedafa39a0b7.php 第 78 行.
INFO: Run Behavior\ParseTemplateBehavior [ RunTime:0.014634s ]
INFO: [ view_parse ] --END-- [ RunTime:0.014697s ]
INFO: [ view_filter ] --START--
INFO: Run Behavior\WriteHtmlCacheBehavior [ RunTime:0.000695s ]
INFO: [ view_filter ] --END-- [ RunTime:0.000745s ]
INFO: [ app_end ] --START--
INFO: Run Behavior\ShowPageTraceBehavior [ RunTime:0.001047s ]
INFO: [ app_end ] --END-- [ RunTime:0.001128s ]

[ 2018-01-06T23:14:20+08:00 ] ::1 /CWP/admin/admin.php/Home/User/index.html
INFO: [ app_init ] --START--
INFO: Run Behavior\BuildLiteBehavior [ RunTime:0.000023s ]
INFO: [ app_init ] --END-- [ RunTime:0.000605s ]
INFO: [ app_begin ] --START--
INFO: Run Behavior\ReadHtmlCacheBehavior [ RunTime:0.000862s ]
INFO: [ app_begin ] --END-- [ RunTime:0.000934s ]
SQL: SHOW COLUMNS FROM `cwp_user` [ RunTime:0.0096s ]
SQL: SELECT COUNT(*) AS tp_count FROM `cwp_user` LIMIT 1   [ RunTime:0.0003s ]
NOTIC: [2] Invalid argument supplied for foreach() E:\xampp\htdocs\CWP\admin\ThinkPHP\Library\Think\Db\Driver.class.php 第 504 行.
SQL: SELECT * FROM `cwp_user` ORDER BY userid ASC LIMIT 0,7   [ RunTime:0.0005s ]
INFO: [ view_parse ] --START--
INFO: [ template_filter ] --START--
INFO: Run Behavior\ContentReplaceBehavior [ RunTime:0.000084s ]
INFO: [ template_filter ] --END-- [ RunTime:0.000148s ]
NOTIC: [8] Use of undefined constant usertype - assumed 'usertype' E:\xampp\htdocs\CWP\admin\Runtime\Cache\Home\d133c0f2b95298c4e1dfaedafa39a0b7.php 第 71 行.
NOTIC: [8] Use of undefined constant userpic - assumed 'userpic' E:\xampp\htdocs\CWP\admin\Runtime\Cache\Home\d133c0f2b95298c4e1dfaedafa39a0b7.php 第 73 行.
NOTIC: [8] Use of undefined constant usersex - assumed 'usersex' E:\xampp\htdocs\CWP\admin\Runtime\Cache\Home\d133c0f2b95298c4e1dfaedafa39a0b7.php 第 78 行.
NOTIC: [8] Use of undefined constant usertype - assumed 'usertype' E:\xampp\htdocs\CWP\admin\Runtime\Cache\Home\d133c0f2b95298c4e1dfaedafa39a0b7.php 第 71 行.
NOTIC: [8] Use of undefined constant userpic - assumed 'userpic' E:\xampp\htdocs\CWP\admin\Runtime\Cache\Home\d133c0f2b95298c4e1dfaedafa39a0b7.php 第 73 行.
NOTIC: [8] Use of undefined constant usersex - assumed 'usersex' E:\xampp\htdocs\CWP\admin\Runtime\Cache\Home\d133c0f2b95298c4e1dfaedafa39a0b7.php 第 78 行.
NOTIC: [8] Use of undefined constant usertype - assumed 'usertype' E:\xampp\htdocs\CWP\admin\Runtime\Cache\Home\d133c0f2b95298c4e1dfaedafa39a0b7.php 第 71 行.
NOTIC: [8] Use of undefined constant userpic - assumed 'userpic' E:\xampp\htdocs\CWP\admin\Runtime\Cache\Home\d133c0f2b95298c4e1dfaedafa39a0b7.php 第 73 行.
NOTIC: [8] Use of undefined constant usersex - assumed 'usersex' E:\xampp\htdocs\CWP\admin\Runtime\Cache\Home\d133c0f2b95298c4e1dfaedafa39a0b7.php 第 78 行.
NOTIC: [8] Use of undefined constant usertype - assumed 'usertype' E:\xampp\htdocs\CWP\admin\Runtime\Cache\Home\d133c0f2b95298c4e1dfaedafa39a0b7.php 第 71 行.
NOTIC: [8] Use of undefined constant userpic - assumed 'userpic' E:\xampp\htdocs\CWP\admin\Runtime\Cache\Home\d133c0f2b95298c4e1dfaedafa39a0b7.php 第 73 行.
NOTIC: [8] Use of undefined constant usersex - assumed 'usersex' E:\xampp\htdocs\CWP\admin\Runtime\Cache\Home\d133c0f2b95298c4e1dfaedafa39a0b7.php 第 78 行.
NOTIC: [8] Use of undefined constant usertype - assumed 'usertype' E:\xampp\htdocs\CWP\admin\Runtime\Cache\Home\d133c0f2b95298c4e1dfaedafa39a0b7.php 第 71 行.
NOTIC: [8] Use of undefined constant userpic - assumed 'userpic' E:\xampp\htdocs\CWP\admin\Runtime\Cache\Home\d133c0f2b95298c4e1dfaedafa39a0b7.php 第 73 行.
NOTIC: [8] Use of undefined constant usersex - assumed 'usersex' E:\xampp\htdocs\CWP\admin\Runtime\Cache\Home\d133c0f2b95298c4e1dfaedafa39a0b7.php 第 78 行.
NOTIC: [8] Use of undefined constant usertype - assumed 'usertype' E:\xampp\htdocs\CWP\admin\Runtime\Cache\Home\d133c0f2b95298c4e1dfaedafa39a0b7.php 第 71 行.
NOTIC: [8] Use of undefined constant userpic - assumed 'userpic' E:\xampp\htdocs\CWP\admin\Runtime\Cache\Home\d133c0f2b95298c4e1dfaedafa39a0b7.php 第 73 行.
NOTIC: [8] Use of undefined constant usersex - assumed 'usersex' E:\xampp\htdocs\CWP\admin\Runtime\Cache\Home\d133c0f2b95298c4e1dfaedafa39a0b7.php 第 78 行.
INFO: Run Behavior\ParseTemplateBehavior [ RunTime:0.016790s ]
INFO: [ view_parse ] --END-- [ RunTime:0.016855s ]
INFO: [ view_filter ] --START--
INFO: Run Behavior\WriteHtmlCacheBehavior [ RunTime:0.000567s ]
INFO: [ view_filter ] --END-- [ RunTime:0.000617s ]
INFO: [ app_end ] --START--
INFO: Run Behavior\ShowPageTraceBehavior [ RunTime:0.000961s ]
INFO: [ app_end ] --END-- [ RunTime:0.001043s ]

