[ 2018-01-03T08:23:21+08:00 ] ::1 /Demo/CWP/service/admin.php/Home/User/checkLogin
INFO: [ app_init ] --START--
INFO: Run Behavior\BuildLiteBehavior [ RunTime:0.000019s ]
INFO: [ app_init ] --END-- [ RunTime:0.034321s ]
INFO: [ app_begin ] --START--
INFO: Run Behavior\ReadHtmlCacheBehavior [ RunTime:0.018199s ]
INFO: [ app_begin ] --END-- [ RunTime:0.018273s ]
SQL: SHOW COLUMNS FROM `cwp_user` [ RunTime:0.0538s ]
SQL: SELECT * FROM `cwp_user` WHERE ( userName='1' AND userPwd='1' AND userType = 1 ) LIMIT 1   [ RunTime:0.0008s ]
SQL: UPDATE `cwp_user` SET `userLastLoginTime`='2018-01-03 08:23:21' WHERE ( userId=3 ) [ RunTime:0.0422s ]

[ 2018-01-03T10:48:39+08:00 ] ::1 /Demo/CWP/service/admin.php/Home/User/checkLogin
INFO: [ app_init ] --START--
INFO: Run Behavior\BuildLiteBehavior [ RunTime:0.000014s ]
INFO: [ app_init ] --END-- [ RunTime:0.000520s ]
INFO: [ app_begin ] --START--
INFO: Run Behavior\ReadHtmlCacheBehavior [ RunTime:0.001035s ]
INFO: [ app_begin ] --END-- [ RunTime:0.001117s ]
SQL: SHOW COLUMNS FROM `cwp_user` [ RunTime:0.0110s ]
SQL: SELECT * FROM `cwp_user` WHERE ( userName='1' AND userPwd='1' ) LIMIT 1   [ RunTime:0.0004s ]
SQL: UPDATE `cwp_user` SET `userLastLoginTime`='2018-01-03 10:48:39' WHERE ( userId=3 ) [ RunTime:0.0928s ]

[ 2018-01-03T10:49:50+08:00 ] ::1 /Demo/CWP/service/admin.php/Home/User/checkLogin
INFO: [ app_init ] --START--
INFO: Run Behavior\BuildLiteBehavior [ RunTime:0.000024s ]
INFO: [ app_init ] --END-- [ RunTime:0.000754s ]
INFO: [ app_begin ] --START--
INFO: Run Behavior\ReadHtmlCacheBehavior [ RunTime:0.001037s ]
INFO: [ app_begin ] --END-- [ RunTime:0.001119s ]
SQL: SHOW COLUMNS FROM `cwp_user` [ RunTime:0.0138s ]
SQL: SELECT * FROM `cwp_user` WHERE ( userName='yb123456' AND userPwd='yb123456' ) LIMIT 1   [ RunTime:0.0004s ]
SQL: UPDATE `cwp_user` SET `userLastLoginTime`='2018-01-03 10:49:50' WHERE ( userId=4 ) [ RunTime:0.1276s ]

[ 2018-01-03T10:55:04+08:00 ] ::1 /Demo/CWP/service/admin.php/Home/User/checkLogin
INFO: [ app_init ] --START--
INFO: Run Behavior\BuildLiteBehavior [ RunTime:0.000015s ]
INFO: [ app_init ] --END-- [ RunTime:0.000511s ]
INFO: [ app_begin ] --START--
INFO: Run Behavior\ReadHtmlCacheBehavior [ RunTime:0.000722s ]
INFO: [ app_begin ] --END-- [ RunTime:0.000778s ]
SQL: SHOW COLUMNS FROM `cwp_user` [ RunTime:0.0108s ]
SQL: SELECT * FROM `cwp_user` WHERE ( userName='1' AND userPwd='1' ) LIMIT 1   [ RunTime:0.0005s ]
SQL: UPDATE `cwp_user` SET `userLastLoginTime`='2018-01-03 10:55:04' WHERE ( userId=3 ) [ RunTime:0.0852s ]

[ 2018-01-03T10:55:16+08:00 ] ::1 /Demo/CWP/service/admin.php/Home/User/checkLogin
INFO: [ app_init ] --START--
INFO: Run Behavior\BuildLiteBehavior [ RunTime:0.000016s ]
INFO: [ app_init ] --END-- [ RunTime:0.000518s ]
INFO: [ app_begin ] --START--
INFO: Run Behavior\ReadHtmlCacheBehavior [ RunTime:0.000717s ]
INFO: [ app_begin ] --END-- [ RunTime:0.000772s ]
SQL: SHOW COLUMNS FROM `cwp_user` [ RunTime:0.0113s ]
SQL: SELECT * FROM `cwp_user` WHERE ( userName='1' AND userPwd='1' ) LIMIT 1   [ RunTime:0.0006s ]
SQL: UPDATE `cwp_user` SET `userLastLoginTime`='2018-01-03 10:55:16' WHERE ( userId=3 ) [ RunTime:0.1087s ]

[ 2018-01-03T10:55:32+08:00 ] ::1 /Demo/CWP/service/admin.php/Home/User/checkLogin
INFO: [ app_init ] --START--
INFO: Run Behavior\BuildLiteBehavior [ RunTime:0.000024s ]
INFO: [ app_init ] --END-- [ RunTime:0.000523s ]
INFO: [ app_begin ] --START--
INFO: Run Behavior\ReadHtmlCacheBehavior [ RunTime:0.000717s ]
INFO: [ app_begin ] --END-- [ RunTime:0.000778s ]
SQL: SHOW COLUMNS FROM `cwp_user` [ RunTime:0.0069s ]
SQL: SELECT * FROM `cwp_user` WHERE ( userName='1' AND userPwd='1' ) LIMIT 1   [ RunTime:0.0005s ]
SQL: UPDATE `cwp_user` SET `userLastLoginTime`='2018-01-03 10:55:31' WHERE ( userId=3 ) [ RunTime:0.1026s ]

[ 2018-01-03T10:56:03+08:00 ] ::1 /Demo/CWP/service/admin.php/Home/User/checkLogin
INFO: [ app_init ] --START--
INFO: Run Behavior\BuildLiteBehavior [ RunTime:0.000017s ]
INFO: [ app_init ] --END-- [ RunTime:0.000670s ]
INFO: [ app_begin ] --START--
INFO: Run Behavior\ReadHtmlCacheBehavior [ RunTime:0.000775s ]
INFO: [ app_begin ] --END-- [ RunTime:0.000834s ]
SQL: SHOW COLUMNS FROM `cwp_user` [ RunTime:0.0138s ]
SQL: SELECT * FROM `cwp_user` WHERE ( userName='1' AND userPwd='1' ) LIMIT 1   [ RunTime:0.0004s ]
SQL: UPDATE `cwp_user` SET `userLastLoginTime`='2018-01-03 10:56:03' WHERE ( userId=3 ) [ RunTime:0.0797s ]

[ 2018-01-03T10:56:58+08:00 ] ::1 /Demo/CWP/service/admin.php/Home/User/checkLogin
INFO: [ app_init ] --START--
INFO: Run Behavior\BuildLiteBehavior [ RunTime:0.000016s ]
INFO: [ app_init ] --END-- [ RunTime:0.000577s ]
INFO: [ app_begin ] --START--
INFO: Run Behavior\ReadHtmlCacheBehavior [ RunTime:0.000745s ]
INFO: [ app_begin ] --END-- [ RunTime:0.000806s ]
SQL: SHOW COLUMNS FROM `cwp_user` [ RunTime:0.0101s ]
SQL: SELECT * FROM `cwp_user` WHERE ( userName='1' AND userPwd='1' ) LIMIT 1   [ RunTime:0.0005s ]
SQL: UPDATE `cwp_user` SET `userLastLoginTime`='2018-01-03 10:56:58' WHERE ( userId=3 ) [ RunTime:0.1365s ]

[ 2018-01-03T10:57:11+08:00 ] ::1 /Demo/CWP/service/admin.php/Home/User/checkLogin
INFO: [ app_init ] --START--
INFO: Run Behavior\BuildLiteBehavior [ RunTime:0.000019s ]
INFO: [ app_init ] --END-- [ RunTime:0.000498s ]
INFO: [ app_begin ] --START--
INFO: Run Behavior\ReadHtmlCacheBehavior [ RunTime:0.000637s ]
INFO: [ app_begin ] --END-- [ RunTime:0.000698s ]
SQL: SHOW COLUMNS FROM `cwp_user` [ RunTime:0.0104s ]
SQL: SELECT * FROM `cwp_user` WHERE ( userName='1' AND userPwd='1' ) LIMIT 1   [ RunTime:0.0004s ]
SQL: UPDATE `cwp_user` SET `userLastLoginTime`='2018-01-03 10:57:11' WHERE ( userId=3 ) [ RunTime:0.0838s ]

[ 2018-01-03T10:58:14+08:00 ] ::1 /Demo/CWP/service/admin.php/Home/User/checkLogin
INFO: [ app_init ] --START--
INFO: Run Behavior\BuildLiteBehavior [ RunTime:0.000017s ]
INFO: [ app_init ] --END-- [ RunTime:0.000511s ]
INFO: [ app_begin ] --START--
INFO: Run Behavior\ReadHtmlCacheBehavior [ RunTime:0.000747s ]
INFO: [ app_begin ] --END-- [ RunTime:0.000807s ]
SQL: SHOW COLUMNS FROM `cwp_user` [ RunTime:0.0107s ]
SQL: SELECT * FROM `cwp_user` WHERE ( userName='1' AND userPwd='1' ) LIMIT 1   [ RunTime:0.0005s ]
SQL: UPDATE `cwp_user` SET `userLastLoginTime`='2018-01-03 10:58:14' WHERE ( userId=3 ) [ RunTime:0.0925s ]

[ 2018-01-03T10:59:46+08:00 ] ::1 /Demo/CWP/service/admin.php/Home/User/checkLogin
INFO: [ app_init ] --START--
INFO: Run Behavior\BuildLiteBehavior [ RunTime:0.000016s ]
INFO: [ app_init ] --END-- [ RunTime:0.000509s ]
INFO: [ app_begin ] --START--
INFO: Run Behavior\ReadHtmlCacheBehavior [ RunTime:0.000892s ]
INFO: [ app_begin ] --END-- [ RunTime:0.000960s ]
SQL: SHOW COLUMNS FROM `cwp_user` [ RunTime:0.0133s ]
SQL: SELECT * FROM `cwp_user` WHERE ( userName='1' AND userPwd='1' ) LIMIT 1   [ RunTime:0.0005s ]
SQL: UPDATE `cwp_user` SET `userLastLoginTime`='2018-01-03 10:59:46' WHERE ( userId=3 ) [ RunTime:0.0934s ]

[ 2018-01-03T11:01:53+08:00 ] ::1 /Demo/CWP/service/admin.php/Home/User/checkLogin
INFO: [ app_init ] --START--
INFO: Run Behavior\BuildLiteBehavior [ RunTime:0.000023s ]
INFO: [ app_init ] --END-- [ RunTime:0.000726s ]
INFO: [ app_begin ] --START--
INFO: Run Behavior\ReadHtmlCacheBehavior [ RunTime:0.000706s ]
INFO: [ app_begin ] --END-- [ RunTime:0.000762s ]
SQL: SHOW COLUMNS FROM `cwp_user` [ RunTime:0.0099s ]
SQL: SELECT * FROM `cwp_user` WHERE ( userName='1' AND userPwd='1' ) LIMIT 1   [ RunTime:0.0004s ]
SQL: UPDATE `cwp_user` SET `userLastLoginTime`='2018-01-03 11:01:53' WHERE ( userId=3 ) [ RunTime:0.0865s ]

[ 2018-01-03T11:02:26+08:00 ] ::1 /Demo/CWP/service/admin.php/Home/User/checkLogin
INFO: [ app_init ] --START--
INFO: Run Behavior\BuildLiteBehavior [ RunTime:0.000015s ]
INFO: [ app_init ] --END-- [ RunTime:0.000500s ]
INFO: [ app_begin ] --START--
INFO: Run Behavior\ReadHtmlCacheBehavior [ RunTime:0.000700s ]
INFO: [ app_begin ] --END-- [ RunTime:0.000755s ]
SQL: SHOW COLUMNS FROM `cwp_user` [ RunTime:0.0104s ]
SQL: SELECT * FROM `cwp_user` WHERE ( userName='1' AND userPwd='1' ) LIMIT 1   [ RunTime:0.0004s ]
SQL: UPDATE `cwp_user` SET `userLastLoginTime`='2018-01-03 11:02:26' WHERE ( userId=3 ) [ RunTime:0.0933s ]

[ 2018-01-03T11:04:14+08:00 ] ::1 /Demo/CWP/service/admin.php/Home/User/checkLogin
INFO: [ app_init ] --START--
INFO: Run Behavior\BuildLiteBehavior [ RunTime:0.000020s ]
INFO: [ app_init ] --END-- [ RunTime:0.000446s ]
INFO: [ app_begin ] --START--
INFO: Run Behavior\ReadHtmlCacheBehavior [ RunTime:0.000526s ]
INFO: [ app_begin ] --END-- [ RunTime:0.000581s ]
SQL: SHOW COLUMNS FROM `cwp_user` [ RunTime:0.0103s ]
SQL: SELECT * FROM `cwp_user` WHERE ( userName='1' AND userPwd='1' ) LIMIT 1   [ RunTime:0.0004s ]
SQL: UPDATE `cwp_user` SET `userLastLoginTime`='2018-01-03 11:04:14' WHERE ( userId=3 ) [ RunTime:0.0779s ]

[ 2018-01-03T11:05:41+08:00 ] ::1 /Demo/CWP/service/admin.php/Home/User/checkLogin
INFO: [ app_init ] --START--
INFO: Run Behavior\BuildLiteBehavior [ RunTime:0.000017s ]
INFO: [ app_init ] --END-- [ RunTime:0.000504s ]
INFO: [ app_begin ] --START--
INFO: Run Behavior\ReadHtmlCacheBehavior [ RunTime:0.000720s ]
INFO: [ app_begin ] --END-- [ RunTime:0.000792s ]
SQL: SHOW COLUMNS FROM `cwp_user` [ RunTime:0.0103s ]
SQL: SELECT * FROM `cwp_user` WHERE ( userName='1' AND userPwd='1' ) LIMIT 1   [ RunTime:0.0004s ]
SQL: UPDATE `cwp_user` SET `userLastLoginTime`='2018-01-03 11:05:41' WHERE ( userId=3 ) [ RunTime:0.0993s ]

[ 2018-01-03T11:05:57+08:00 ] ::1 /Demo/CWP/service/admin.php/Home/User/checkLogin
INFO: [ app_init ] --START--
INFO: Run Behavior\BuildLiteBehavior [ RunTime:0.000016s ]
INFO: [ app_init ] --END-- [ RunTime:0.000531s ]
INFO: [ app_begin ] --START--
INFO: Run Behavior\ReadHtmlCacheBehavior [ RunTime:0.000708s ]
INFO: [ app_begin ] --END-- [ RunTime:0.000763s ]
SQL: SHOW COLUMNS FROM `cwp_user` [ RunTime:0.0099s ]
SQL: SELECT * FROM `cwp_user` WHERE ( userName='1' AND userPwd='1' ) LIMIT 1   [ RunTime:0.0004s ]
SQL: UPDATE `cwp_user` SET `userLastLoginTime`='2018-01-03 11:05:57' WHERE ( userId=3 ) [ RunTime:0.0936s ]

[ 2018-01-03T11:11:25+08:00 ] ::1 /Demo/CWP/service/admin.php/Home/User/checkLogin
INFO: [ app_init ] --START--
INFO: Run Behavior\BuildLiteBehavior [ RunTime:0.000016s ]
INFO: [ app_init ] --END-- [ RunTime:0.000507s ]
INFO: [ app_begin ] --START--
INFO: Run Behavior\ReadHtmlCacheBehavior [ RunTime:0.000737s ]
INFO: [ app_begin ] --END-- [ RunTime:0.000800s ]
SQL: SHOW COLUMNS FROM `cwp_user` [ RunTime:0.0102s ]
SQL: SELECT * FROM `cwp_user` WHERE ( userName='1' AND userPwd='1' ) LIMIT 1   [ RunTime:0.0004s ]
SQL: UPDATE `cwp_user` SET `userLastLoginTime`='2018-01-03 11:11:25' WHERE ( userId=3 ) [ RunTime:0.0797s ]

[ 2018-01-03T11:13:29+08:00 ] ::1 /Demo/CWP/service/admin.php/Home/User/checkLogin
INFO: [ app_init ] --START--
INFO: Run Behavior\BuildLiteBehavior [ RunTime:0.000016s ]
INFO: [ app_init ] --END-- [ RunTime:0.000496s ]
INFO: [ app_begin ] --START--
INFO: Run Behavior\ReadHtmlCacheBehavior [ RunTime:0.000701s ]
INFO: [ app_begin ] --END-- [ RunTime:0.000756s ]
SQL: SHOW COLUMNS FROM `cwp_user` [ RunTime:0.0104s ]
SQL: SELECT * FROM `cwp_user` WHERE ( userName='yb123456' AND userPwd='yb123456' ) LIMIT 1   [ RunTime:0.0004s ]
SQL: UPDATE `cwp_user` SET `userLastLoginTime`='2018-01-03 11:13:29' WHERE ( userId=4 ) [ RunTime:0.0788s ]

[ 2018-01-03T11:13:51+08:00 ] ::1 /Demo/CWP/service/admin.php/Home/User/checkLogin
INFO: [ app_init ] --START--
INFO: Run Behavior\BuildLiteBehavior [ RunTime:0.000016s ]
INFO: [ app_init ] --END-- [ RunTime:0.000546s ]
INFO: [ app_begin ] --START--
INFO: Run Behavior\ReadHtmlCacheBehavior [ RunTime:0.001125s ]
INFO: [ app_begin ] --END-- [ RunTime:0.001198s ]
SQL: SHOW COLUMNS FROM `cwp_user` [ RunTime:0.0131s ]
SQL: SELECT * FROM `cwp_user` WHERE ( userName='yb123456' AND userPwd='yb123456' ) LIMIT 1   [ RunTime:0.0006s ]
SQL: UPDATE `cwp_user` SET `userLastLoginTime`='2018-01-03 11:13:51' WHERE ( userId=4 ) [ RunTime:0.0839s ]

[ 2018-01-03T11:15:53+08:00 ] ::1 /Demo/CWP/service/admin.php/Home/User/checkRegister
INFO: [ app_init ] --START--
INFO: Run Behavior\BuildLiteBehavior [ RunTime:0.000016s ]
INFO: [ app_init ] --END-- [ RunTime:0.000504s ]
INFO: [ app_begin ] --START--
INFO: Run Behavior\ReadHtmlCacheBehavior [ RunTime:0.000796s ]
INFO: [ app_begin ] --END-- [ RunTime:0.000879s ]
SQL: SHOW COLUMNS FROM `cwp_user` [ RunTime:0.0115s ]
NOTIC: [8] Undefined index: validate E:\xampp\htdocs\Demo\CWP\service\ThinkPHP\Library\Think\Model.class.php 第 1185 行.
NOTIC: [8] Undefined index: auto E:\xampp\htdocs\Demo\CWP\service\ThinkPHP\Library\Think\Model.class.php 第 1128 行.
SQL: SELECT COUNT(*) AS tp_count FROM `cwp_user` WHERE ( username = 'qwe123' ) LIMIT 1   [ RunTime:0.0005s ]
SQL: INSERT INTO `cwp_user` (`userName`,`userPwd`,`userPic`,`userBirth`) VALUES ('qwe123','qwe123','img/pic.jpg','2018-01-03 11:15:53') [ RunTime:0.1211s ]

[ 2018-01-03T11:16:01+08:00 ] ::1 /Demo/CWP/service/admin.php/Home/User/checkLogin
INFO: [ app_init ] --START--
INFO: Run Behavior\BuildLiteBehavior [ RunTime:0.000025s ]
INFO: [ app_init ] --END-- [ RunTime:0.000756s ]
INFO: [ app_begin ] --START--
INFO: Run Behavior\ReadHtmlCacheBehavior [ RunTime:0.000808s ]
INFO: [ app_begin ] --END-- [ RunTime:0.000897s ]
SQL: SHOW COLUMNS FROM `cwp_user` [ RunTime:0.0130s ]
SQL: SELECT * FROM `cwp_user` WHERE ( userName='qwe123' AND userPwd='qwe123' ) LIMIT 1   [ RunTime:0.0006s ]
SQL: UPDATE `cwp_user` SET `userLastLoginTime`='2018-01-03 11:16:01' WHERE ( userId=10 ) [ RunTime:0.0656s ]

[ 2018-01-03T11:24:57+08:00 ] ::1 /Demo/CWP/service/admin.php/Home/User/checkLogin
INFO: [ app_init ] --START--
INFO: Run Behavior\BuildLiteBehavior [ RunTime:0.000023s ]
INFO: [ app_init ] --END-- [ RunTime:0.000752s ]
INFO: [ app_begin ] --START--
INFO: Run Behavior\ReadHtmlCacheBehavior [ RunTime:0.000750s ]
INFO: [ app_begin ] --END-- [ RunTime:0.000816s ]
SQL: SHOW COLUMNS FROM `cwp_user` [ RunTime:0.0142s ]
SQL: SELECT * FROM `cwp_user` WHERE ( userName='1' AND userPwd='1' ) LIMIT 1   [ RunTime:0.0008s ]
SQL: UPDATE `cwp_user` SET `userLastLoginTime`='2018-01-03 11:24:57' WHERE ( userId=3 ) [ RunTime:0.0838s ]

[ 2018-01-03T11:25:34+08:00 ] ::1 /Demo/CWP/service/admin.php/Home/User/checkLogin
INFO: [ app_init ] --START--
INFO: Run Behavior\BuildLiteBehavior [ RunTime:0.000017s ]
INFO: [ app_init ] --END-- [ RunTime:0.000535s ]
INFO: [ app_begin ] --START--
INFO: Run Behavior\ReadHtmlCacheBehavior [ RunTime:0.000846s ]
INFO: [ app_begin ] --END-- [ RunTime:0.000922s ]
SQL: SHOW COLUMNS FROM `cwp_user` [ RunTime:0.0138s ]
SQL: SELECT * FROM `cwp_user` WHERE ( userName='1' AND userPwd='1' ) LIMIT 1   [ RunTime:0.0008s ]
SQL: UPDATE `cwp_user` SET `userLastLoginTime`='2018-01-03 11:25:34' WHERE ( userId=3 ) [ RunTime:0.0681s ]

[ 2018-01-03T11:25:40+08:00 ] ::1 /Demo/CWP/service/admin.php/Home/User/checkLogin
INFO: [ app_init ] --START--
INFO: Run Behavior\BuildLiteBehavior [ RunTime:0.000026s ]
INFO: [ app_init ] --END-- [ RunTime:0.000698s ]
INFO: [ app_begin ] --START--
INFO: Run Behavior\ReadHtmlCacheBehavior [ RunTime:0.000855s ]
INFO: [ app_begin ] --END-- [ RunTime:0.000954s ]
SQL: SHOW COLUMNS FROM `cwp_user` [ RunTime:0.0150s ]
SQL: SELECT * FROM `cwp_user` WHERE ( userName='1' AND userPwd='1' ) LIMIT 1   [ RunTime:0.0009s ]
SQL: UPDATE `cwp_user` SET `userLastLoginTime`='2018-01-03 11:25:40' WHERE ( userId=3 ) [ RunTime:0.0536s ]

[ 2018-01-03T11:26:00+08:00 ] ::1 /Demo/CWP/service/admin.php/Home/User/checkLogin
INFO: [ app_init ] --START--
INFO: Run Behavior\BuildLiteBehavior [ RunTime:0.000023s ]
INFO: [ app_init ] --END-- [ RunTime:0.000749s ]
INFO: [ app_begin ] --START--
INFO: Run Behavior\ReadHtmlCacheBehavior [ RunTime:0.000788s ]
INFO: [ app_begin ] --END-- [ RunTime:0.000863s ]
SQL: SHOW COLUMNS FROM `cwp_user` [ RunTime:0.0103s ]
SQL: SELECT * FROM `cwp_user` WHERE ( userName='1' AND userPwd='1' ) LIMIT 1   [ RunTime:0.0011s ]
SQL: UPDATE `cwp_user` SET `userLastLoginTime`='2018-01-03 11:26:00' WHERE ( userId=3 ) [ RunTime:0.0531s ]

[ 2018-01-03T11:26:10+08:00 ] ::1 /Demo/CWP/service/admin.php/Home/User/checkLogin
INFO: [ app_init ] --START--
INFO: Run Behavior\BuildLiteBehavior [ RunTime:0.000015s ]
INFO: [ app_init ] --END-- [ RunTime:0.000435s ]
INFO: [ app_begin ] --START--
INFO: Run Behavior\ReadHtmlCacheBehavior [ RunTime:0.000534s ]
INFO: [ app_begin ] --END-- [ RunTime:0.000591s ]
SQL: SHOW COLUMNS FROM `cwp_user` [ RunTime:0.0123s ]
SQL: SELECT * FROM `cwp_user` WHERE ( userName='1' AND userPwd='1' ) LIMIT 1   [ RunTime:0.0005s ]
SQL: UPDATE `cwp_user` SET `userLastLoginTime`='2018-01-03 11:26:10' WHERE ( userId=3 ) [ RunTime:0.0963s ]

[ 2018-01-03T11:26:42+08:00 ] ::1 /Demo/CWP/service/admin.php/Home/User/checkLogin
INFO: [ app_init ] --START--
INFO: Run Behavior\BuildLiteBehavior [ RunTime:0.000017s ]
INFO: [ app_init ] --END-- [ RunTime:0.000519s ]
INFO: [ app_begin ] --START--
INFO: Run Behavior\ReadHtmlCacheBehavior [ RunTime:0.000711s ]
INFO: [ app_begin ] --END-- [ RunTime:0.000770s ]
SQL: SHOW COLUMNS FROM `cwp_user` [ RunTime:0.0142s ]
SQL: SELECT * FROM `cwp_user` WHERE ( userName='1' AND userPwd='1' ) LIMIT 1   [ RunTime:0.0005s ]
SQL: UPDATE `cwp_user` SET `userLastLoginTime`='2018-01-03 11:26:42' WHERE ( userId=3 ) [ RunTime:0.0901s ]

[ 2018-01-03T11:42:11+08:00 ] ::1 /Demo/CWP/service/admin.php/Home/User/checkLogin
INFO: [ app_init ] --START--
INFO: Run Behavior\BuildLiteBehavior [ RunTime:0.000025s ]
INFO: [ app_init ] --END-- [ RunTime:0.000845s ]
INFO: [ app_begin ] --START--
INFO: Run Behavior\ReadHtmlCacheBehavior [ RunTime:0.001179s ]
INFO: [ app_begin ] --END-- [ RunTime:0.001258s ]
SQL: SHOW COLUMNS FROM `cwp_user` [ RunTime:0.0126s ]
SQL: SELECT * FROM `cwp_user` WHERE ( userName='1' AND userPwd='1' ) LIMIT 1   [ RunTime:0.0005s ]
SQL: UPDATE `cwp_user` SET `userLastLoginTime`='2018-01-03 11:42:10' WHERE ( userId=1 ) [ RunTime:0.0965s ]

[ 2018-01-03T11:43:22+08:00 ] ::1 /Demo/CWP/service/admin.php/Home/User/checkLogin
INFO: [ app_init ] --START--
INFO: Run Behavior\BuildLiteBehavior [ RunTime:0.000016s ]
INFO: [ app_init ] --END-- [ RunTime:0.000559s ]
INFO: [ app_begin ] --START--
INFO: Run Behavior\ReadHtmlCacheBehavior [ RunTime:0.000935s ]
INFO: [ app_begin ] --END-- [ RunTime:0.001015s ]
SQL: SHOW COLUMNS FROM `cwp_user` [ RunTime:0.0142s ]
SQL: SELECT * FROM `cwp_user` WHERE ( userName='1' AND userPwd='1' ) LIMIT 1   [ RunTime:0.0007s ]
SQL: UPDATE `cwp_user` SET `userLastLoginTime`='2018-01-03 11:43:22' WHERE ( userId=1 ) [ RunTime:0.0649s ]

[ 2018-01-03T11:43:38+08:00 ] ::1 /Demo/CWP/service/admin.php/Home/User/checkLogin
INFO: [ app_init ] --START--
INFO: Run Behavior\BuildLiteBehavior [ RunTime:0.000018s ]
INFO: [ app_init ] --END-- [ RunTime:0.000530s ]
INFO: [ app_begin ] --START--
INFO: Run Behavior\ReadHtmlCacheBehavior [ RunTime:0.000712s ]
INFO: [ app_begin ] --END-- [ RunTime:0.000771s ]
SQL: SHOW COLUMNS FROM `cwp_user` [ RunTime:0.0117s ]
SQL: SELECT * FROM `cwp_user` WHERE ( userName='1' AND userPwd='1' ) LIMIT 1   [ RunTime:0.0005s ]
SQL: UPDATE `cwp_user` SET `userLastLoginTime`='2018-01-03 11:43:38' WHERE ( userId=1 ) [ RunTime:0.0952s ]

[ 2018-01-03T11:43:54+08:00 ] ::1 /Demo/CWP/service/admin.php/Home/User/checkLogin
INFO: [ app_init ] --START--
INFO: Run Behavior\BuildLiteBehavior [ RunTime:0.000026s ]
INFO: [ app_init ] --END-- [ RunTime:0.000795s ]
INFO: [ app_begin ] --START--
INFO: Run Behavior\ReadHtmlCacheBehavior [ RunTime:0.000848s ]
INFO: [ app_begin ] --END-- [ RunTime:0.000909s ]
SQL: SHOW COLUMNS FROM `cwp_user` [ RunTime:0.0146s ]
SQL: SELECT * FROM `cwp_user` WHERE ( userName='yb123456' AND userPwd='yb123456' ) LIMIT 1   [ RunTime:0.0006s ]
SQL: UPDATE `cwp_user` SET `userLastLoginTime`='2018-01-03 11:43:53' WHERE ( userId=2 ) [ RunTime:0.0915s ]

[ 2018-01-03T11:46:26+08:00 ] ::1 /Demo/CWP/service/admin.php/Home/User/checkLogin
INFO: [ app_init ] --START--
INFO: Run Behavior\BuildLiteBehavior [ RunTime:0.000022s ]
INFO: [ app_init ] --END-- [ RunTime:0.000718s ]
INFO: [ app_begin ] --START--
INFO: Run Behavior\ReadHtmlCacheBehavior [ RunTime:0.001136s ]
INFO: [ app_begin ] --END-- [ RunTime:0.001220s ]
SQL: SHOW COLUMNS FROM `cwp_user` [ RunTime:0.0118s ]
SQL: SELECT * FROM `cwp_user` WHERE ( userName='1' AND userPwd='1' ) LIMIT 1   [ RunTime:0.0004s ]
SQL: UPDATE `cwp_user` SET `userLastLoginTime`='2018-01-03 11:46:25' WHERE ( userId=1 ) [ RunTime:0.0879s ]

[ 2018-01-03T11:47:01+08:00 ] ::1 /Demo/CWP/service/admin.php/Home/User/checkLogin
INFO: [ app_init ] --START--
INFO: Run Behavior\BuildLiteBehavior [ RunTime:0.000029s ]
INFO: [ app_init ] --END-- [ RunTime:0.000906s ]
INFO: [ app_begin ] --START--
INFO: Run Behavior\ReadHtmlCacheBehavior [ RunTime:0.001042s ]
INFO: [ app_begin ] --END-- [ RunTime:0.001135s ]
SQL: SHOW COLUMNS FROM `cwp_user` [ RunTime:0.0102s ]
SQL: SELECT * FROM `cwp_user` WHERE ( userName='1' AND userPwd='1' ) LIMIT 1   [ RunTime:0.0004s ]
SQL: UPDATE `cwp_user` SET `userLastLoginTime`='2018-01-03 11:47:01' WHERE ( userId=1 ) [ RunTime:0.1007s ]

[ 2018-01-03T11:47:07+08:00 ] ::1 /Demo/CWP/service/admin.php/Home/User/checkLogin
INFO: [ app_init ] --START--
INFO: Run Behavior\BuildLiteBehavior [ RunTime:0.000030s ]
INFO: [ app_init ] --END-- [ RunTime:0.000699s ]
INFO: [ app_begin ] --START--
INFO: Run Behavior\ReadHtmlCacheBehavior [ RunTime:0.000832s ]
INFO: [ app_begin ] --END-- [ RunTime:0.000927s ]
SQL: SHOW COLUMNS FROM `cwp_user` [ RunTime:0.0141s ]
SQL: SELECT * FROM `cwp_user` WHERE ( userName='1' AND userPwd='1' ) LIMIT 1   [ RunTime:0.0007s ]
SQL: UPDATE `cwp_user` SET `userLastLoginTime`='2018-01-03 11:47:07' WHERE ( userId=1 ) [ RunTime:0.0866s ]

[ 2018-01-03T11:47:32+08:00 ] ::1 /Demo/CWP/service/admin.php/Home/User/checkLogin
INFO: [ app_init ] --START--
INFO: Run Behavior\BuildLiteBehavior [ RunTime:0.000022s ]
INFO: [ app_init ] --END-- [ RunTime:0.000738s ]
INFO: [ app_begin ] --START--
INFO: Run Behavior\ReadHtmlCacheBehavior [ RunTime:0.000917s ]
INFO: [ app_begin ] --END-- [ RunTime:0.000985s ]
SQL: SHOW COLUMNS FROM `cwp_user` [ RunTime:0.0179s ]
SQL: SELECT * FROM `cwp_user` WHERE ( userName='1' AND userPwd='1' ) LIMIT 1   [ RunTime:0.0008s ]
SQL: UPDATE `cwp_user` SET `userLastLoginTime`='2018-01-03 11:47:32' WHERE ( userId=1 ) [ RunTime:0.0934s ]

[ 2018-01-03T11:49:22+08:00 ] ::1 /Demo/CWP/service/admin.php/Home/User/checkLogin
INFO: [ app_init ] --START--
INFO: Run Behavior\BuildLiteBehavior [ RunTime:0.000017s ]
INFO: [ app_init ] --END-- [ RunTime:0.000518s ]
INFO: [ app_begin ] --START--
INFO: Run Behavior\ReadHtmlCacheBehavior [ RunTime:0.001189s ]
INFO: [ app_begin ] --END-- [ RunTime:0.001297s ]
SQL: SHOW COLUMNS FROM `cwp_user` [ RunTime:0.0116s ]
SQL: SELECT * FROM `cwp_user` WHERE ( userName='1' AND userPwd='1' ) LIMIT 1   [ RunTime:0.0005s ]
SQL: UPDATE `cwp_user` SET `userLastLoginTime`='2018-01-03 11:49:22' WHERE ( userId=1 ) [ RunTime:0.0636s ]

[ 2018-01-03T11:49:30+08:00 ] ::1 /Demo/CWP/service/admin.php/Home/User/checkLogin
INFO: [ app_init ] --START--
INFO: Run Behavior\BuildLiteBehavior [ RunTime:0.000027s ]
INFO: [ app_init ] --END-- [ RunTime:0.000760s ]
INFO: [ app_begin ] --START--
INFO: Run Behavior\ReadHtmlCacheBehavior [ RunTime:0.001312s ]
INFO: [ app_begin ] --END-- [ RunTime:0.001427s ]
SQL: SHOW COLUMNS FROM `cwp_user` [ RunTime:0.0168s ]
SQL: SELECT * FROM `cwp_user` WHERE ( userName='1' AND userPwd='1' ) LIMIT 1   [ RunTime:0.0005s ]
SQL: UPDATE `cwp_user` SET `userLastLoginTime`='2018-01-03 11:49:30' WHERE ( userId=1 ) [ RunTime:0.0435s ]

[ 2018-01-03T11:49:36+08:00 ] ::1 /Demo/CWP/service/admin.php/Home/User/checkLogin
INFO: [ app_init ] --START--
INFO: Run Behavior\BuildLiteBehavior [ RunTime:0.000021s ]
INFO: [ app_init ] --END-- [ RunTime:0.000621s ]
INFO: [ app_begin ] --START--
INFO: Run Behavior\ReadHtmlCacheBehavior [ RunTime:0.000826s ]
INFO: [ app_begin ] --END-- [ RunTime:0.000916s ]
SQL: SHOW COLUMNS FROM `cwp_user` [ RunTime:0.0119s ]
SQL: SELECT * FROM `cwp_user` WHERE ( userName='1' AND userPwd='1' ) LIMIT 1   [ RunTime:0.0005s ]
SQL: UPDATE `cwp_user` SET `userLastLoginTime`='2018-01-03 11:49:36' WHERE ( userId=1 ) [ RunTime:0.0388s ]

[ 2018-01-03T11:49:38+08:00 ] ::1 /Demo/CWP/service/admin.php/Home/User/checkLogin
INFO: [ app_init ] --START--
INFO: Run Behavior\BuildLiteBehavior [ RunTime:0.000014s ]
INFO: [ app_init ] --END-- [ RunTime:0.000420s ]
INFO: [ app_begin ] --START--
INFO: Run Behavior\ReadHtmlCacheBehavior [ RunTime:0.000553s ]
INFO: [ app_begin ] --END-- [ RunTime:0.000622s ]
SQL: SHOW COLUMNS FROM `cwp_user` [ RunTime:0.0218s ]
SQL: SELECT * FROM `cwp_user` WHERE ( userName='1' AND userPwd='1' ) LIMIT 1   [ RunTime:0.0004s ]
SQL: UPDATE `cwp_user` SET `userLastLoginTime`='2018-01-03 11:49:38' WHERE ( userId=1 ) [ RunTime:0.1235s ]

[ 2018-01-03T15:17:13+08:00 ] ::1 /Demo/CWP/service/admin.php/Home/User/checkLogin
INFO: [ app_init ] --START--
INFO: Run Behavior\BuildLiteBehavior [ RunTime:0.000025s ]
INFO: [ app_init ] --END-- [ RunTime:0.000916s ]
INFO: [ app_begin ] --START--
INFO: Run Behavior\ReadHtmlCacheBehavior [ RunTime:0.001266s ]
INFO: [ app_begin ] --END-- [ RunTime:0.001367s ]
SQL: SHOW COLUMNS FROM `cwp_user` [ RunTime:0.0119s ]
SQL: SELECT * FROM `cwp_user` WHERE ( userName='1' AND userPwd='1' ) LIMIT 1   [ RunTime:0.0005s ]
SQL: UPDATE `cwp_user` SET `userLastLoginTime`='2018-01-03 15:17:13' WHERE ( userId=1 ) [ RunTime:0.0594s ]

[ 2018-01-03T15:17:27+08:00 ] ::1 /Demo/CWP/service/admin.php/Home/User/checkLogin
INFO: [ app_init ] --START--
INFO: Run Behavior\BuildLiteBehavior [ RunTime:0.000033s ]
INFO: [ app_init ] --END-- [ RunTime:0.000855s ]
INFO: [ app_begin ] --START--
INFO: Run Behavior\ReadHtmlCacheBehavior [ RunTime:0.001011s ]
INFO: [ app_begin ] --END-- [ RunTime:0.001078s ]
SQL: SHOW COLUMNS FROM `cwp_user` [ RunTime:0.0112s ]
SQL: SELECT * FROM `cwp_user` WHERE ( userName='1' AND userPwd='1' ) LIMIT 1   [ RunTime:0.0004s ]
SQL: UPDATE `cwp_user` SET `userLastLoginTime`='2018-01-03 15:17:27' WHERE ( userId=1 ) [ RunTime:0.0498s ]

[ 2018-01-03T15:17:50+08:00 ] ::1 /Demo/CWP/service/admin.php/Home/User/checkLogin
INFO: [ app_init ] --START--
INFO: Run Behavior\BuildLiteBehavior [ RunTime:0.000022s ]
INFO: [ app_init ] --END-- [ RunTime:0.000538s ]
INFO: [ app_begin ] --START--
INFO: Run Behavior\ReadHtmlCacheBehavior [ RunTime:0.000758s ]
INFO: [ app_begin ] --END-- [ RunTime:0.000831s ]
SQL: SHOW COLUMNS FROM `cwp_user` [ RunTime:0.0102s ]
SQL: SELECT * FROM `cwp_user` WHERE ( userName='1' AND userPwd='1' ) LIMIT 1   [ RunTime:0.0005s ]
SQL: UPDATE `cwp_user` SET `userLastLoginTime`='2018-01-03 15:17:50' WHERE ( userId=1 ) [ RunTime:0.0672s ]

[ 2018-01-03T15:19:28+08:00 ] ::1 /Demo/CWP/service/admin.php/Home/User/checkLogin
INFO: [ app_init ] --START--
INFO: Run Behavior\BuildLiteBehavior [ RunTime:0.000024s ]
INFO: [ app_init ] --END-- [ RunTime:0.000779s ]
INFO: [ app_begin ] --START--
INFO: Run Behavior\ReadHtmlCacheBehavior [ RunTime:0.000865s ]
INFO: [ app_begin ] --END-- [ RunTime:0.000955s ]
SQL: SHOW COLUMNS FROM `cwp_user` [ RunTime:0.0115s ]
SQL: SELECT * FROM `cwp_user` WHERE ( userName='1' AND userPwd='1' ) LIMIT 1   [ RunTime:0.0005s ]
SQL: UPDATE `cwp_user` SET `userLastLoginTime`='2018-01-03 15:19:28' WHERE ( userId=1 ) [ RunTime:0.0946s ]

[ 2018-01-03T15:20:30+08:00 ] ::1 /Demo/CWP/service/admin.php/Home/User/checkLogin
INFO: [ app_init ] --START--
INFO: Run Behavior\BuildLiteBehavior [ RunTime:0.000017s ]
INFO: [ app_init ] --END-- [ RunTime:0.000523s ]
INFO: [ app_begin ] --START--
INFO: Run Behavior\ReadHtmlCacheBehavior [ RunTime:0.001199s ]
INFO: [ app_begin ] --END-- [ RunTime:0.001297s ]
SQL: SHOW COLUMNS FROM `cwp_user` [ RunTime:0.0118s ]
SQL: SELECT * FROM `cwp_user` WHERE ( userName='1' AND userPwd='1' ) LIMIT 1   [ RunTime:0.0005s ]
SQL: UPDATE `cwp_user` SET `userLastLoginTime`='2018-01-03 15:20:30' WHERE ( userId=1 ) [ RunTime:0.0593s ]

[ 2018-01-03T15:22:17+08:00 ] ::1 /Demo/CWP/service/admin.php/Home/User/checkLogin
INFO: [ app_init ] --START--
INFO: Run Behavior\BuildLiteBehavior [ RunTime:0.000022s ]
INFO: [ app_init ] --END-- [ RunTime:0.000721s ]
INFO: [ app_begin ] --START--
INFO: Run Behavior\ReadHtmlCacheBehavior [ RunTime:0.000953s ]
INFO: [ app_begin ] --END-- [ RunTime:0.001039s ]
SQL: SHOW COLUMNS FROM `cwp_user` [ RunTime:0.0108s ]
SQL: SELECT * FROM `cwp_user` WHERE ( userName='1' AND userPwd='1' ) LIMIT 1   [ RunTime:0.0005s ]
SQL: UPDATE `cwp_user` SET `userLastLoginTime`='2018-01-03 15:22:17' WHERE ( userId=1 ) [ RunTime:0.0634s ]

[ 2018-01-03T15:24:09+08:00 ] ::1 /Demo/CWP/service/admin.php/Home/User/checkLogin
INFO: [ app_init ] --START--
INFO: Run Behavior\BuildLiteBehavior [ RunTime:0.000022s ]
INFO: [ app_init ] --END-- [ RunTime:0.000693s ]
INFO: [ app_begin ] --START--
INFO: Run Behavior\ReadHtmlCacheBehavior [ RunTime:0.001146s ]
INFO: [ app_begin ] --END-- [ RunTime:0.001258s ]
SQL: SHOW COLUMNS FROM `cwp_user` [ RunTime:0.0146s ]
SQL: SELECT * FROM `cwp_user` WHERE ( userName='1' AND userPwd='1' ) LIMIT 1   [ RunTime:0.0005s ]
SQL: UPDATE `cwp_user` SET `userLastLoginTime`='2018-01-03 15:24:09' WHERE ( userId=1 ) [ RunTime:0.0515s ]

[ 2018-01-03T15:24:26+08:00 ] ::1 /Demo/CWP/service/admin.php/Home/User/checkLogin
INFO: [ app_init ] --START--
INFO: Run Behavior\BuildLiteBehavior [ RunTime:0.000026s ]
INFO: [ app_init ] --END-- [ RunTime:0.000671s ]
INFO: [ app_begin ] --START--
INFO: Run Behavior\ReadHtmlCacheBehavior [ RunTime:0.000917s ]
INFO: [ app_begin ] --END-- [ RunTime:0.001019s ]
SQL: SHOW COLUMNS FROM `cwp_user` [ RunTime:0.0132s ]
SQL: SELECT * FROM `cwp_user` WHERE ( userName='1' AND userPwd='1' ) LIMIT 1   [ RunTime:0.0005s ]
SQL: UPDATE `cwp_user` SET `userLastLoginTime`='2018-01-03 15:24:26' WHERE ( userId=1 ) [ RunTime:0.0652s ]

[ 2018-01-03T15:26:12+08:00 ] ::1 /Demo/CWP/service/admin.php/Home/User/checkRegister
INFO: [ app_init ] --START--
INFO: Run Behavior\BuildLiteBehavior [ RunTime:0.000015s ]
INFO: [ app_init ] --END-- [ RunTime:0.000489s ]
INFO: [ app_begin ] --START--
INFO: Run Behavior\ReadHtmlCacheBehavior [ RunTime:0.000837s ]
INFO: [ app_begin ] --END-- [ RunTime:0.000914s ]
SQL: SHOW COLUMNS FROM `cwp_user` [ RunTime:0.0087s ]
NOTIC: [8] Undefined index: validate E:\xampp\htdocs\Demo\CWP\service\ThinkPHP\Library\Think\Model.class.php 第 1185 行.
NOTIC: [8] Undefined index: auto E:\xampp\htdocs\Demo\CWP\service\ThinkPHP\Library\Think\Model.class.php 第 1128 行.
SQL: SELECT COUNT(*) AS tp_count FROM `cwp_user` WHERE ( username = 'ddd12' ) LIMIT 1   [ RunTime:0.0004s ]

[ 2018-01-03T15:26:17+08:00 ] ::1 /Demo/CWP/service/admin.php/Home/User/checkRegister
INFO: [ app_init ] --START--
INFO: Run Behavior\BuildLiteBehavior [ RunTime:0.000015s ]
INFO: [ app_init ] --END-- [ RunTime:0.000430s ]
INFO: [ app_begin ] --START--
INFO: Run Behavior\ReadHtmlCacheBehavior [ RunTime:0.000542s ]
INFO: [ app_begin ] --END-- [ RunTime:0.000595s ]
SQL: SHOW COLUMNS FROM `cwp_user` [ RunTime:0.0087s ]
NOTIC: [8] Undefined index: validate E:\xampp\htdocs\Demo\CWP\service\ThinkPHP\Library\Think\Model.class.php 第 1185 行.
NOTIC: [8] Undefined index: auto E:\xampp\htdocs\Demo\CWP\service\ThinkPHP\Library\Think\Model.class.php 第 1128 行.
SQL: SELECT COUNT(*) AS tp_count FROM `cwp_user` WHERE ( username = 'ddd1234' ) LIMIT 1   [ RunTime:0.0003s ]
SQL: INSERT INTO `cwp_user` (`userName`,`userPwd`,`userPic`,`userBirth`) VALUES ('ddd1234','ddd1234','/pic.jpg','2018-01-03 15:26:17') [ RunTime:0.0886s ]

[ 2018-01-03T15:26:25+08:00 ] ::1 /Demo/CWP/service/admin.php/Home/User/checkLogin
INFO: [ app_init ] --START--
INFO: Run Behavior\BuildLiteBehavior [ RunTime:0.000025s ]
INFO: [ app_init ] --END-- [ RunTime:0.000601s ]
INFO: [ app_begin ] --START--
INFO: Run Behavior\ReadHtmlCacheBehavior [ RunTime:0.000596s ]
INFO: [ app_begin ] --END-- [ RunTime:0.000657s ]
SQL: SHOW COLUMNS FROM `cwp_user` [ RunTime:0.0118s ]
SQL: SELECT * FROM `cwp_user` WHERE ( userName='ddd1234' AND userPwd='ddd1234' ) LIMIT 1   [ RunTime:0.0013s ]
SQL: UPDATE `cwp_user` SET `userLastLoginTime`='2018-01-03 15:26:25' WHERE ( userId=13 ) [ RunTime:0.0626s ]

[ 2018-01-03T15:29:44+08:00 ] ::1 /Demo/CWP/service/admin.php/Home/User/checkLogin
INFO: [ app_init ] --START--
INFO: Run Behavior\BuildLiteBehavior [ RunTime:0.000028s ]
INFO: [ app_init ] --END-- [ RunTime:0.001050s ]
INFO: [ app_begin ] --START--
INFO: Run Behavior\ReadHtmlCacheBehavior [ RunTime:0.000921s ]
INFO: [ app_begin ] --END-- [ RunTime:0.001025s ]
SQL: SHOW COLUMNS FROM `cwp_user` [ RunTime:0.0112s ]
SQL: SELECT * FROM `cwp_user` WHERE ( userName='1' AND userPwd='1' ) LIMIT 1   [ RunTime:0.0004s ]
SQL: UPDATE `cwp_user` SET `userLastLoginTime`='2018-01-03 15:29:44' WHERE ( userId=1 ) [ RunTime:0.0439s ]

[ 2018-01-03T15:34:18+08:00 ] ::1 /Demo/CWP/service/admin.php/Home/User/checkLogin
INFO: [ app_init ] --START--
INFO: Run Behavior\BuildLiteBehavior [ RunTime:0.000022s ]
INFO: [ app_init ] --END-- [ RunTime:0.000793s ]
INFO: [ app_begin ] --START--
INFO: Run Behavior\ReadHtmlCacheBehavior [ RunTime:0.001295s ]
INFO: [ app_begin ] --END-- [ RunTime:0.001408s ]
SQL: SHOW COLUMNS FROM `cwp_user` [ RunTime:0.0133s ]
SQL: SELECT * FROM `cwp_user` WHERE ( userName='1' AND userPwd='1' ) LIMIT 1   [ RunTime:0.0005s ]
SQL: UPDATE `cwp_user` SET `userLastLoginTime`='2018-01-03 15:34:17' WHERE ( userId=1 ) [ RunTime:0.0648s ]

[ 2018-01-03T15:34:26+08:00 ] ::1 /Demo/CWP/service/admin.php/Home/User/checkLogin
INFO: [ app_init ] --START--
INFO: Run Behavior\BuildLiteBehavior [ RunTime:0.000016s ]
INFO: [ app_init ] --END-- [ RunTime:0.000500s ]
INFO: [ app_begin ] --START--
INFO: Run Behavior\ReadHtmlCacheBehavior [ RunTime:0.000702s ]
INFO: [ app_begin ] --END-- [ RunTime:0.000757s ]
SQL: SHOW COLUMNS FROM `cwp_user` [ RunTime:0.0120s ]
SQL: SELECT * FROM `cwp_user` WHERE ( userName='1' AND userPwd='1' ) LIMIT 1   [ RunTime:0.0005s ]
SQL: UPDATE `cwp_user` SET `userLastLoginTime`='2018-01-03 15:34:26' WHERE ( userId=1 ) [ RunTime:0.0569s ]

[ 2018-01-03T15:37:38+08:00 ] ::1 /Demo/CWP/service/admin.php/Home/User/checkLogin
INFO: [ app_init ] --START--
INFO: Run Behavior\BuildLiteBehavior [ RunTime:0.000021s ]
INFO: [ app_init ] --END-- [ RunTime:0.000611s ]
INFO: [ app_begin ] --START--
INFO: Run Behavior\ReadHtmlCacheBehavior [ RunTime:0.001529s ]
INFO: [ app_begin ] --END-- [ RunTime:0.001722s ]
SQL: SHOW COLUMNS FROM `cwp_user` [ RunTime:0.0139s ]
SQL: SELECT * FROM `cwp_user` WHERE ( userName='1' AND userPwd='1' ) LIMIT 1   [ RunTime:0.0005s ]
SQL: UPDATE `cwp_user` SET `userLastLoginTime`='2018-01-03 15:37:38' WHERE ( userId=1 ) [ RunTime:0.0868s ]

[ 2018-01-03T15:37:46+08:00 ] ::1 /Demo/CWP/service/admin.php/Home/User/checkLogin
INFO: [ app_init ] --START--
INFO: Run Behavior\BuildLiteBehavior [ RunTime:0.000032s ]
INFO: [ app_init ] --END-- [ RunTime:0.000879s ]
INFO: [ app_begin ] --START--
INFO: Run Behavior\ReadHtmlCacheBehavior [ RunTime:0.001063s ]
INFO: [ app_begin ] --END-- [ RunTime:0.001167s ]
SQL: SHOW COLUMNS FROM `cwp_user` [ RunTime:0.0091s ]
SQL: SELECT * FROM `cwp_user` WHERE ( userName='1' AND userPwd='1' ) LIMIT 1   [ RunTime:0.0005s ]
SQL: UPDATE `cwp_user` SET `userLastLoginTime`='2018-01-03 15:37:46' WHERE ( userId=1 ) [ RunTime:0.0849s ]

[ 2018-01-03T15:40:49+08:00 ] ::1 /Demo/CWP/service/admin.php/Home/User/checkLogin
INFO: [ app_init ] --START--
INFO: Run Behavior\BuildLiteBehavior [ RunTime:0.000028s ]
INFO: [ app_init ] --END-- [ RunTime:0.000899s ]
INFO: [ app_begin ] --START--
INFO: Run Behavior\ReadHtmlCacheBehavior [ RunTime:0.001113s ]
INFO: [ app_begin ] --END-- [ RunTime:0.001214s ]
SQL: SHOW COLUMNS FROM `cwp_user` [ RunTime:0.0126s ]
SQL: SELECT * FROM `cwp_user` WHERE ( userName='1' AND userPwd='1' ) LIMIT 1   [ RunTime:0.0006s ]
SQL: UPDATE `cwp_user` SET `userLastLoginTime`='2018-01-03 15:40:49' WHERE ( userId=1 ) [ RunTime:0.0766s ]

[ 2018-01-03T15:40:51+08:00 ] ::1 /Demo/CWP/service/admin.php/Home/User/checkLogin
INFO: [ app_init ] --START--
INFO: Run Behavior\BuildLiteBehavior [ RunTime:0.000028s ]
INFO: [ app_init ] --END-- [ RunTime:0.000705s ]
INFO: [ app_begin ] --START--
INFO: Run Behavior\ReadHtmlCacheBehavior [ RunTime:0.000855s ]
INFO: [ app_begin ] --END-- [ RunTime:0.000950s ]
SQL: SHOW COLUMNS FROM `cwp_user` [ RunTime:0.0117s ]
SQL: SELECT * FROM `cwp_user` WHERE ( userName='1' AND userPwd='1' ) LIMIT 1   [ RunTime:0.0006s ]
SQL: UPDATE `cwp_user` SET `userLastLoginTime`='2018-01-03 15:40:51' WHERE ( userId=1 ) [ RunTime:0.0361s ]

[ 2018-01-03T15:41:03+08:00 ] ::1 /Demo/CWP/service/admin.php/Home/User/checkLogin
INFO: [ app_init ] --START--
INFO: Run Behavior\BuildLiteBehavior [ RunTime:0.000017s ]
INFO: [ app_init ] --END-- [ RunTime:0.000578s ]
INFO: [ app_begin ] --START--
INFO: Run Behavior\ReadHtmlCacheBehavior [ RunTime:0.001048s ]
INFO: [ app_begin ] --END-- [ RunTime:0.001143s ]
SQL: SHOW COLUMNS FROM `cwp_user` [ RunTime:0.0096s ]
SQL: SELECT * FROM `cwp_user` WHERE ( userName='1' AND userPwd='1' ) LIMIT 1   [ RunTime:0.0004s ]
SQL: UPDATE `cwp_user` SET `userLastLoginTime`='2018-01-03 15:41:03' WHERE ( userId=1 ) [ RunTime:0.0560s ]

[ 2018-01-03T15:41:23+08:00 ] ::1 /Demo/CWP/service/admin.php/Home/User/checkLogin
INFO: [ app_init ] --START--
INFO: Run Behavior\BuildLiteBehavior [ RunTime:0.000028s ]
INFO: [ app_init ] --END-- [ RunTime:0.000835s ]
INFO: [ app_begin ] --START--
INFO: Run Behavior\ReadHtmlCacheBehavior [ RunTime:0.000893s ]
INFO: [ app_begin ] --END-- [ RunTime:0.000960s ]
SQL: SHOW COLUMNS FROM `cwp_user` [ RunTime:0.0089s ]
SQL: SELECT * FROM `cwp_user` WHERE ( userName='ddd1234' AND userPwd='ddd1234' ) LIMIT 1   [ RunTime:0.0004s ]
SQL: UPDATE `cwp_user` SET `userLastLoginTime`='2018-01-03 15:41:23' WHERE ( userId=13 ) [ RunTime:0.0958s ]

[ 2018-01-03T15:42:12+08:00 ] ::1 /Demo/CWP/service/admin.php/Home/User/checkLogin
INFO: [ app_init ] --START--
INFO: Run Behavior\BuildLiteBehavior [ RunTime:0.000016s ]
INFO: [ app_init ] --END-- [ RunTime:0.000504s ]
INFO: [ app_begin ] --START--
INFO: Run Behavior\ReadHtmlCacheBehavior [ RunTime:0.000652s ]
INFO: [ app_begin ] --END-- [ RunTime:0.000719s ]
SQL: SHOW COLUMNS FROM `cwp_user` [ RunTime:0.0104s ]
SQL: SELECT * FROM `cwp_user` WHERE ( userName='ddd1234' AND userPwd='ddd1234' ) LIMIT 1   [ RunTime:0.0005s ]
SQL: UPDATE `cwp_user` SET `userLastLoginTime`='2018-01-03 15:42:11' WHERE ( userId=13 ) [ RunTime:0.0931s ]

[ 2018-01-03T15:46:06+08:00 ] ::1 /Demo/CWP/service/admin.php/Home/User/checkRegister
INFO: [ app_init ] --START--
INFO: Run Behavior\BuildLiteBehavior [ RunTime:0.000015s ]
INFO: [ app_init ] --END-- [ RunTime:0.000504s ]
INFO: [ app_begin ] --START--
INFO: Run Behavior\ReadHtmlCacheBehavior [ RunTime:0.000701s ]
INFO: [ app_begin ] --END-- [ RunTime:0.000756s ]
SQL: SHOW COLUMNS FROM `cwp_user` [ RunTime:0.0085s ]
NOTIC: [8] Undefined index: validate E:\xampp\htdocs\Demo\CWP\service\ThinkPHP\Library\Think\Model.class.php 第 1185 行.
NOTIC: [8] Undefined index: auto E:\xampp\htdocs\Demo\CWP\service\ThinkPHP\Library\Think\Model.class.php 第 1128 行.
SQL: SELECT COUNT(*) AS tp_count FROM `cwp_user` WHERE ( username = 'abc123' ) LIMIT 1   [ RunTime:0.0003s ]
SQL: INSERT INTO `cwp_user` (`userName`,`userPwd`,`userNickName`,`userPic`,`userBirth`) VALUES ('abc123','abc123','abc123','/pic.jpg','2018-01-03 15:46:06') [ RunTime:0.0906s ]

[ 2018-01-03T15:46:14+08:00 ] ::1 /Demo/CWP/service/admin.php/Home/User/checkLogin
INFO: [ app_init ] --START--
INFO: Run Behavior\BuildLiteBehavior [ RunTime:0.000017s ]
INFO: [ app_init ] --END-- [ RunTime:0.000449s ]
INFO: [ app_begin ] --START--
INFO: Run Behavior\ReadHtmlCacheBehavior [ RunTime:0.000727s ]
INFO: [ app_begin ] --END-- [ RunTime:0.000827s ]
SQL: SHOW COLUMNS FROM `cwp_user` [ RunTime:0.0119s ]
SQL: SELECT * FROM `cwp_user` WHERE ( userName='abc123' AND userPwd='abc123' ) LIMIT 1   [ RunTime:0.0004s ]
SQL: UPDATE `cwp_user` SET `userLastLoginTime`='2018-01-03 15:46:13' WHERE ( userId=14 ) [ RunTime:0.0831s ]

[ 2018-01-03T15:48:53+08:00 ] ::1 /Demo/CWP/service/admin.php/Home/User/checkLogin
INFO: [ app_init ] --START--
INFO: Run Behavior\BuildLiteBehavior [ RunTime:0.000019s ]
INFO: [ app_init ] --END-- [ RunTime:0.000791s ]
INFO: [ app_begin ] --START--
INFO: Run Behavior\ReadHtmlCacheBehavior [ RunTime:0.000736s ]
INFO: [ app_begin ] --END-- [ RunTime:0.000798s ]
SQL: SHOW COLUMNS FROM `cwp_user` [ RunTime:0.0095s ]
SQL: SELECT * FROM `cwp_user` WHERE ( userName='abc123' AND userPwd='abc123' ) LIMIT 1   [ RunTime:0.0004s ]
SQL: UPDATE `cwp_user` SET `userLastLoginTime`='2018-01-03 15:48:53' WHERE ( userId=14 ) [ RunTime:0.0915s ]

[ 2018-01-03T15:49:06+08:00 ] ::1 /Demo/CWP/service/admin.php/Home/User/checkLogin
INFO: [ app_init ] --START--
INFO: Run Behavior\BuildLiteBehavior [ RunTime:0.000020s ]
INFO: [ app_init ] --END-- [ RunTime:0.000710s ]
INFO: [ app_begin ] --START--
INFO: Run Behavior\ReadHtmlCacheBehavior [ RunTime:0.000551s ]
INFO: [ app_begin ] --END-- [ RunTime:0.000608s ]
SQL: SHOW COLUMNS FROM `cwp_user` [ RunTime:0.0096s ]
SQL: SELECT * FROM `cwp_user` WHERE ( userName='yb123456' AND userPwd='yb123456' ) LIMIT 1   [ RunTime:0.0004s ]
SQL: UPDATE `cwp_user` SET `userLastLoginTime`='2018-01-03 15:49:06' WHERE ( userId=2 ) [ RunTime:0.0836s ]

[ 2018-01-03T15:51:42+08:00 ] ::1 /Demo/CWP/service/admin.php/Home/User/checkLogin
INFO: [ app_init ] --START--
INFO: Run Behavior\BuildLiteBehavior [ RunTime:0.000016s ]
INFO: [ app_init ] --END-- [ RunTime:0.000486s ]
INFO: [ app_begin ] --START--
INFO: Run Behavior\ReadHtmlCacheBehavior [ RunTime:0.000951s ]
INFO: [ app_begin ] --END-- [ RunTime:0.001041s ]
SQL: SHOW COLUMNS FROM `cwp_user` [ RunTime:0.0102s ]
SQL: SELECT * FROM `cwp_user` WHERE ( userName='yb123456' AND userPwd='yb123456' ) LIMIT 1   [ RunTime:0.0005s ]
SQL: UPDATE `cwp_user` SET `userLastLoginTime`='2018-01-03 15:51:42' WHERE ( userId=2 ) [ RunTime:0.0998s ]

[ 2018-01-03T16:33:22+08:00 ] ::1 /Demo/CWP/service/admin.php/Home/User/checkLogin
INFO: [ app_init ] --START--
INFO: Run Behavior\BuildLiteBehavior [ RunTime:0.000026s ]
INFO: [ app_init ] --END-- [ RunTime:0.000926s ]
INFO: [ app_begin ] --START--
INFO: Run Behavior\ReadHtmlCacheBehavior [ RunTime:0.001053s ]
INFO: [ app_begin ] --END-- [ RunTime:0.001207s ]
SQL: SHOW COLUMNS FROM `cwp_user` [ RunTime:0.0110s ]
SQL: SELECT * FROM `cwp_user` WHERE ( userName='1' AND userPwd='1' ) LIMIT 1   [ RunTime:0.0004s ]
SQL: UPDATE `cwp_user` SET `userLastLoginTime`='2018-01-03 16:33:22' WHERE ( userId=1 ) [ RunTime:0.0752s ]

[ 2018-01-03T17:08:53+08:00 ] ::1 /Demo/CWP/service/admin.php/Home/User/checkLogin
INFO: [ app_init ] --START--
INFO: Run Behavior\BuildLiteBehavior [ RunTime:0.000016s ]
INFO: [ app_init ] --END-- [ RunTime:0.000504s ]
INFO: [ app_begin ] --START--
INFO: Run Behavior\ReadHtmlCacheBehavior [ RunTime:0.000768s ]
INFO: [ app_begin ] --END-- [ RunTime:0.000831s ]
SQL: SHOW COLUMNS FROM `cwp_user` [ RunTime:0.0084s ]
SQL: SELECT * FROM `cwp_user` WHERE ( userName='1' AND userPwd='1' ) LIMIT 1   [ RunTime:0.0005s ]
SQL: UPDATE `cwp_user` SET `userLastLoginTime`='2018-01-03 17:08:53' WHERE ( userId=1 ) [ RunTime:0.0923s ]

[ 2018-01-03T17:10:19+08:00 ] ::1 /Demo/CWP/service/admin.php/Home/User/checkLogin
INFO: [ app_init ] --START--
INFO: Run Behavior\BuildLiteBehavior [ RunTime:0.000026s ]
INFO: [ app_init ] --END-- [ RunTime:0.000669s ]
INFO: [ app_begin ] --START--
INFO: Run Behavior\ReadHtmlCacheBehavior [ RunTime:0.001319s ]
INFO: [ app_begin ] --END-- [ RunTime:0.001408s ]
SQL: SHOW COLUMNS FROM `cwp_user` [ RunTime:0.0168s ]
SQL: SELECT * FROM `cwp_user` WHERE ( userName='dd1234' AND userPwd='dd1234' ) LIMIT 1   [ RunTime:0.0005s ]

[ 2018-01-03T17:10:31+08:00 ] ::1 /Demo/CWP/service/admin.php/Home/User/checkLogin
INFO: [ app_init ] --START--
INFO: Run Behavior\BuildLiteBehavior [ RunTime:0.000017s ]
INFO: [ app_init ] --END-- [ RunTime:0.000530s ]
INFO: [ app_begin ] --START--
INFO: Run Behavior\ReadHtmlCacheBehavior [ RunTime:0.000828s ]
INFO: [ app_begin ] --END-- [ RunTime:0.000891s ]
SQL: SHOW COLUMNS FROM `cwp_user` [ RunTime:0.0099s ]
SQL: SELECT * FROM `cwp_user` WHERE ( userName='dd1234' AND userPwd='dd1234' ) LIMIT 1   [ RunTime:0.0005s ]

[ 2018-01-03T17:10:46+08:00 ] ::1 /Demo/CWP/service/admin.php/Home/User/checkLogin
INFO: [ app_init ] --START--
INFO: Run Behavior\BuildLiteBehavior [ RunTime:0.000017s ]
INFO: [ app_init ] --END-- [ RunTime:0.000537s ]
INFO: [ app_begin ] --START--
INFO: Run Behavior\ReadHtmlCacheBehavior [ RunTime:0.001027s ]
INFO: [ app_begin ] --END-- [ RunTime:0.001088s ]
SQL: SHOW COLUMNS FROM `cwp_user` [ RunTime:0.0172s ]
SQL: SELECT * FROM `cwp_user` WHERE ( userName='ddd1234' AND userPwd='ddd1234' ) LIMIT 1   [ RunTime:0.0011s ]
SQL: UPDATE `cwp_user` SET `userLastLoginTime`='2018-01-03 17:10:46' WHERE ( userId=13 ) [ RunTime:0.0876s ]

[ 2018-01-03T17:11:15+08:00 ] ::1 /Demo/CWP/service/admin.php/Home/User/checkRegister
INFO: [ app_init ] --START--
INFO: Run Behavior\BuildLiteBehavior [ RunTime:0.000015s ]
INFO: [ app_init ] --END-- [ RunTime:0.000492s ]
INFO: [ app_begin ] --START--
INFO: Run Behavior\ReadHtmlCacheBehavior [ RunTime:0.000964s ]
INFO: [ app_begin ] --END-- [ RunTime:0.001021s ]
SQL: SHOW COLUMNS FROM `cwp_user` [ RunTime:0.0100s ]
NOTIC: [8] Undefined index: validate E:\xampp\htdocs\Demo\CWP\service\ThinkPHP\Library\Think\Model.class.php 第 1185 行.
NOTIC: [8] Undefined index: auto E:\xampp\htdocs\Demo\CWP\service\ThinkPHP\Library\Think\Model.class.php 第 1128 行.
SQL: SELECT COUNT(*) AS tp_count FROM `cwp_user` WHERE ( username = 'xxj123' ) LIMIT 1   [ RunTime:0.0005s ]
SQL: INSERT INTO `cwp_user` (`userName`,`userPwd`,`userNickName`,`userPic`,`userBirth`) VALUES ('xxj123','xxj123','xxj123','/pic.jpg','2018-01-03 17:11:14') [ RunTime:0.9895s ]

[ 2018-01-03T17:11:26+08:00 ] ::1 /Demo/CWP/service/admin.php/Home/User/checkLogin
INFO: [ app_init ] --START--
INFO: Run Behavior\BuildLiteBehavior [ RunTime:0.000016s ]
INFO: [ app_init ] --END-- [ RunTime:0.000507s ]
INFO: [ app_begin ] --START--
INFO: Run Behavior\ReadHtmlCacheBehavior [ RunTime:0.001003s ]
INFO: [ app_begin ] --END-- [ RunTime:0.001059s ]
SQL: SHOW COLUMNS FROM `cwp_user` [ RunTime:0.0099s ]
SQL: SELECT * FROM `cwp_user` WHERE ( userName='xxj123' AND userPwd='xxj123' ) LIMIT 1   [ RunTime:0.0010s ]
SQL: UPDATE `cwp_user` SET `userLastLoginTime`='2018-01-03 17:11:26' WHERE ( userId=16 ) [ RunTime:0.0543s ]

[ 2018-01-03T17:11:46+08:00 ] ::1 /Demo/CWP/service/admin.php/Home/User/checkLogin
INFO: [ app_init ] --START--
INFO: Run Behavior\BuildLiteBehavior [ RunTime:0.000016s ]
INFO: [ app_init ] --END-- [ RunTime:0.000533s ]
INFO: [ app_begin ] --START--
INFO: Run Behavior\ReadHtmlCacheBehavior [ RunTime:0.000965s ]
INFO: [ app_begin ] --END-- [ RunTime:0.001061s ]
SQL: SHOW COLUMNS FROM `cwp_user` [ RunTime:0.0070s ]
SQL: SELECT * FROM `cwp_user` WHERE ( userName='xxj123' AND userPwd='xxj123' ) LIMIT 1   [ RunTime:0.0005s ]
SQL: UPDATE `cwp_user` SET `userLastLoginTime`='2018-01-03 17:11:46' WHERE ( userId=16 ) [ RunTime:0.0565s ]

[ 2018-01-03T17:16:00+08:00 ] ::1 /Demo/CWP/service/admin.php/Home/User/checkLogin
INFO: [ app_init ] --START--
INFO: Run Behavior\BuildLiteBehavior [ RunTime:0.000018s ]
INFO: [ app_init ] --END-- [ RunTime:0.000550s ]
INFO: [ app_begin ] --START--
INFO: Run Behavior\ReadHtmlCacheBehavior [ RunTime:0.001056s ]
INFO: [ app_begin ] --END-- [ RunTime:0.001142s ]
SQL: SHOW COLUMNS FROM `cwp_user` [ RunTime:0.0104s ]
SQL: SELECT * FROM `cwp_user` WHERE ( userName='1' AND userPwd='1' ) LIMIT 1   [ RunTime:0.0006s ]
SQL: UPDATE `cwp_user` SET `userLastLoginTime`='2018-01-03 17:15:59' WHERE ( userId=1 ) [ RunTime:0.0996s ]

[ 2018-01-03T17:17:16+08:00 ] ::1 /Demo/CWP/service/admin.php/Home/User/checkLogin
INFO: [ app_init ] --START--
INFO: Run Behavior\BuildLiteBehavior [ RunTime:0.000027s ]
INFO: [ app_init ] --END-- [ RunTime:0.000862s ]
INFO: [ app_begin ] --START--
INFO: Run Behavior\ReadHtmlCacheBehavior [ RunTime:0.000788s ]
INFO: [ app_begin ] --END-- [ RunTime:0.000857s ]
SQL: SHOW COLUMNS FROM `cwp_user` [ RunTime:0.0101s ]
SQL: SELECT * FROM `cwp_user` WHERE ( userName='122221' AND userPwd='2112' ) LIMIT 1   [ RunTime:0.0004s ]

[ 2018-01-03T17:17:22+08:00 ] ::1 /Demo/CWP/service/admin.php/Home/User/checkLogin
INFO: [ app_init ] --START--
INFO: Run Behavior\BuildLiteBehavior [ RunTime:0.000017s ]
INFO: [ app_init ] --END-- [ RunTime:0.000484s ]
INFO: [ app_begin ] --START--
INFO: Run Behavior\ReadHtmlCacheBehavior [ RunTime:0.000979s ]
INFO: [ app_begin ] --END-- [ RunTime:0.001082s ]
SQL: SHOW COLUMNS FROM `cwp_user` [ RunTime:0.0099s ]
SQL: SELECT * FROM `cwp_user` WHERE ( userName='1' AND userPwd='1' ) LIMIT 1   [ RunTime:0.0004s ]
SQL: UPDATE `cwp_user` SET `userLastLoginTime`='2018-01-03 17:17:22' WHERE ( userId=1 ) [ RunTime:0.0678s ]

[ 2018-01-03T17:20:37+08:00 ] ::1 /Demo/CWP/service/admin.php/Home/User/checkLogin
INFO: [ app_init ] --START--
INFO: Run Behavior\BuildLiteBehavior [ RunTime:0.000016s ]
INFO: [ app_init ] --END-- [ RunTime:0.000516s ]
INFO: [ app_begin ] --START--
INFO: Run Behavior\ReadHtmlCacheBehavior [ RunTime:0.001300s ]
INFO: [ app_begin ] --END-- [ RunTime:0.001378s ]
SQL: SHOW COLUMNS FROM `cwp_user` [ RunTime:0.0107s ]
SQL: SELECT * FROM `cwp_user` WHERE ( userName='1' AND userPwd='1' ) LIMIT 1   [ RunTime:0.0005s ]
SQL: UPDATE `cwp_user` SET `userLastLoginTime`='2018-01-03 17:20:37' WHERE ( userId=1 ) [ RunTime:0.1096s ]

[ 2018-01-03T17:30:24+08:00 ] ::1 /Demo/CWP/service/admin.php/Home/User/checkLogin
INFO: [ app_init ] --START--
INFO: Run Behavior\BuildLiteBehavior [ RunTime:0.000016s ]
INFO: [ app_init ] --END-- [ RunTime:0.000506s ]
INFO: [ app_begin ] --START--
INFO: Run Behavior\ReadHtmlCacheBehavior [ RunTime:0.001001s ]
INFO: [ app_begin ] --END-- [ RunTime:0.001073s ]
SQL: SHOW COLUMNS FROM `cwp_user` [ RunTime:0.0104s ]
SQL: SELECT * FROM `cwp_user` WHERE ( userName='1' AND userPwd='1' ) LIMIT 1   [ RunTime:0.0004s ]
SQL: UPDATE `cwp_user` SET `userLastLoginTime`='2018-01-03 17:30:24' WHERE ( userId=1 ) [ RunTime:0.0798s ]

[ 2018-01-03T17:30:51+08:00 ] ::1 /Demo/CWP/service/admin.php/Home/User/checkLogin
INFO: [ app_init ] --START--
INFO: Run Behavior\BuildLiteBehavior [ RunTime:0.000018s ]
INFO: [ app_init ] --END-- [ RunTime:0.000618s ]
INFO: [ app_begin ] --START--
INFO: Run Behavior\ReadHtmlCacheBehavior [ RunTime:0.000754s ]
INFO: [ app_begin ] --END-- [ RunTime:0.000823s ]
SQL: SHOW COLUMNS FROM `cwp_user` [ RunTime:0.0105s ]
SQL: SELECT * FROM `cwp_user` WHERE ( userName='1' AND userPwd='1' ) LIMIT 1   [ RunTime:0.0004s ]
SQL: UPDATE `cwp_user` SET `userLastLoginTime`='2018-01-03 17:30:51' WHERE ( userId=1 ) [ RunTime:0.1006s ]

[ 2018-01-03T17:31:05+08:00 ] ::1 /Demo/CWP/service/admin.php/Home/User/checkLogin
INFO: [ app_init ] --START--
INFO: Run Behavior\BuildLiteBehavior [ RunTime:0.000022s ]
INFO: [ app_init ] --END-- [ RunTime:0.000574s ]
INFO: [ app_begin ] --START--
INFO: Run Behavior\ReadHtmlCacheBehavior [ RunTime:0.000894s ]
INFO: [ app_begin ] --END-- [ RunTime:0.000956s ]
SQL: SHOW COLUMNS FROM `cwp_user` [ RunTime:0.0104s ]
SQL: SELECT * FROM `cwp_user` WHERE ( userName='1' AND userPwd='1' ) LIMIT 1   [ RunTime:0.0006s ]
SQL: UPDATE `cwp_user` SET `userLastLoginTime`='2018-01-03 17:31:05' WHERE ( userId=1 ) [ RunTime:0.0782s ]

[ 2018-01-03T17:34:40+08:00 ] ::1 /Demo/CWP/service/admin.php/Home/User/checkLogin
INFO: [ app_init ] --START--
INFO: Run Behavior\BuildLiteBehavior [ RunTime:0.000023s ]
INFO: [ app_init ] --END-- [ RunTime:0.000769s ]
INFO: [ app_begin ] --START--
INFO: Run Behavior\ReadHtmlCacheBehavior [ RunTime:0.000876s ]
INFO: [ app_begin ] --END-- [ RunTime:0.000960s ]
SQL: SHOW COLUMNS FROM `cwp_user` [ RunTime:0.0100s ]
SQL: SELECT * FROM `cwp_user` WHERE ( userName='1' AND userPwd='1' ) LIMIT 1   [ RunTime:0.0005s ]
SQL: UPDATE `cwp_user` SET `userLastLoginTime`='2018-01-03 17:34:40' WHERE ( userId=1 ) [ RunTime:0.0735s ]

[ 2018-01-03T17:43:41+08:00 ] ::1 /Demo/CWP/service/admin.php/Home/User/checkRegister
INFO: [ app_init ] --START--
INFO: Run Behavior\BuildLiteBehavior [ RunTime:0.000017s ]
INFO: [ app_init ] --END-- [ RunTime:0.000536s ]
INFO: [ app_begin ] --START--
INFO: Run Behavior\ReadHtmlCacheBehavior [ RunTime:0.001251s ]
INFO: [ app_begin ] --END-- [ RunTime:0.001327s ]
SQL: SHOW COLUMNS FROM `cwp_user` [ RunTime:0.0087s ]
NOTIC: [8] Undefined index: validate E:\xampp\htdocs\Demo\CWP\service\ThinkPHP\Library\Think\Model.class.php 第 1185 行.
NOTIC: [8] Undefined index: auto E:\xampp\htdocs\Demo\CWP\service\ThinkPHP\Library\Think\Model.class.php 第 1128 行.
SQL: SELECT COUNT(*) AS tp_count FROM `cwp_user` WHERE ( username = 'wqqqw1212' ) LIMIT 1   [ RunTime:0.0004s ]
SQL: INSERT INTO `cwp_user` (`userName`,`userPwd`,`userNickName`,`userPic`,`userBirth`) VALUES ('wqqqw1212','sadwd121212','wqqqw1212','/pic.jpg','2018-01-03 17:43:41') [ RunTime:0.0907s ]

[ 2018-01-03T17:43:53+08:00 ] ::1 /Demo/CWP/service/admin.php/Home/User/checkRegister
INFO: [ app_init ] --START--
INFO: Run Behavior\BuildLiteBehavior [ RunTime:0.000018s ]
INFO: [ app_init ] --END-- [ RunTime:0.000723s ]
INFO: [ app_begin ] --START--
INFO: Run Behavior\ReadHtmlCacheBehavior [ RunTime:0.000893s ]
INFO: [ app_begin ] --END-- [ RunTime:0.000958s ]
SQL: SHOW COLUMNS FROM `cwp_user` [ RunTime:0.0091s ]
NOTIC: [8] Undefined index: validate E:\xampp\htdocs\Demo\CWP\service\ThinkPHP\Library\Think\Model.class.php 第 1185 行.
NOTIC: [8] Undefined index: auto E:\xampp\htdocs\Demo\CWP\service\ThinkPHP\Library\Think\Model.class.php 第 1128 行.
SQL: SELECT COUNT(*) AS tp_count FROM `cwp_user` WHERE ( username = '1212ww' ) LIMIT 1   [ RunTime:0.0004s ]
SQL: INSERT INTO `cwp_user` (`userName`,`userPwd`,`userNickName`,`userPic`,`userBirth`) VALUES ('1212ww','1212ww','1212ww','/pic.jpg','2018-01-03 17:43:53') [ RunTime:0.0722s ]

[ 2018-01-03T17:44:00+08:00 ] ::1 /Demo/CWP/service/admin.php/Home/User/checkLogin
INFO: [ app_init ] --START--
INFO: Run Behavior\BuildLiteBehavior [ RunTime:0.000019s ]
INFO: [ app_init ] --END-- [ RunTime:0.000598s ]
INFO: [ app_begin ] --START--
INFO: Run Behavior\ReadHtmlCacheBehavior [ RunTime:0.001209s ]
INFO: [ app_begin ] --END-- [ RunTime:0.001363s ]
SQL: SHOW COLUMNS FROM `cwp_user` [ RunTime:0.0091s ]
SQL: SELECT * FROM `cwp_user` WHERE ( userName='1212ww' AND userPwd='1212ww' ) LIMIT 1   [ RunTime:0.0004s ]
SQL: UPDATE `cwp_user` SET `userLastLoginTime`='2018-01-03 17:43:59' WHERE ( userId=18 ) [ RunTime:0.0928s ]

[ 2018-01-03T17:47:24+08:00 ] ::1 /Demo/CWP/service/admin.php/Home/User/checkLogin
INFO: [ app_init ] --START--
INFO: Run Behavior\BuildLiteBehavior [ RunTime:0.000016s ]
INFO: [ app_init ] --END-- [ RunTime:0.000498s ]
INFO: [ app_begin ] --START--
INFO: Run Behavior\ReadHtmlCacheBehavior [ RunTime:0.000807s ]
INFO: [ app_begin ] --END-- [ RunTime:0.000892s ]
SQL: SHOW COLUMNS FROM `cwp_user` [ RunTime:0.0106s ]
SQL: SELECT * FROM `cwp_user` WHERE ( userName='1' AND userPwd='1' ) LIMIT 1   [ RunTime:0.0005s ]
SQL: UPDATE `cwp_user` SET `userLastLoginTime`='2018-01-03 17:47:22' WHERE ( userId=1 ) [ RunTime:1.8760s ]

[ 2018-01-03T17:50:00+08:00 ] ::1 /Demo/CWP/service/admin.php/Home/User/checkLogin
INFO: [ app_init ] --START--
INFO: Run Behavior\BuildLiteBehavior [ RunTime:0.000016s ]
INFO: [ app_init ] --END-- [ RunTime:0.000541s ]
INFO: [ app_begin ] --START--
INFO: Run Behavior\ReadHtmlCacheBehavior [ RunTime:0.001042s ]
INFO: [ app_begin ] --END-- [ RunTime:0.001133s ]
SQL: SHOW COLUMNS FROM `cwp_user` [ RunTime:0.0102s ]
SQL: SELECT * FROM `cwp_user` WHERE ( userName='1' AND userPwd='1' ) LIMIT 1   [ RunTime:0.0005s ]
SQL: UPDATE `cwp_user` SET `userLastLoginTime`='2018-01-03 17:49:59' WHERE ( userId=1 ) [ RunTime:0.1117s ]

[ 2018-01-03T17:50:35+08:00 ] ::1 /Demo/CWP/service/admin.php/Home/User/checkLogin
INFO: [ app_init ] --START--
INFO: Run Behavior\BuildLiteBehavior [ RunTime:0.000017s ]
INFO: [ app_init ] --END-- [ RunTime:0.000799s ]
INFO: [ app_begin ] --START--
INFO: Run Behavior\ReadHtmlCacheBehavior [ RunTime:0.001115s ]
INFO: [ app_begin ] --END-- [ RunTime:0.001184s ]
SQL: SHOW COLUMNS FROM `cwp_user` [ RunTime:0.0096s ]
SQL: SELECT * FROM `cwp_user` WHERE ( userName='1' AND userPwd='1' ) LIMIT 1   [ RunTime:0.0005s ]
SQL: UPDATE `cwp_user` SET `userLastLoginTime`='2018-01-03 17:50:35' WHERE ( userId=1 ) [ RunTime:0.8939s ]

[ 2018-01-03T17:51:27+08:00 ] ::1 /Demo/CWP/service/admin.php/Home/User/checkLogin
INFO: [ app_init ] --START--
INFO: Run Behavior\BuildLiteBehavior [ RunTime:0.000016s ]
INFO: [ app_init ] --END-- [ RunTime:0.000627s ]
INFO: [ app_begin ] --START--
INFO: Run Behavior\ReadHtmlCacheBehavior [ RunTime:0.001251s ]
INFO: [ app_begin ] --END-- [ RunTime:0.001321s ]
SQL: SHOW COLUMNS FROM `cwp_user` [ RunTime:0.0103s ]
SQL: SELECT * FROM `cwp_user` WHERE ( userName='1' AND userPwd='1' ) LIMIT 1   [ RunTime:0.0005s ]
SQL: UPDATE `cwp_user` SET `userLastLoginTime`='2018-01-03 17:51:27' WHERE ( userId=1 ) [ RunTime:0.1098s ]

[ 2018-01-03T17:51:53+08:00 ] ::1 /Demo/CWP/service/admin.php/Home/User/checkLogin
INFO: [ app_init ] --START--
INFO: Run Behavior\BuildLiteBehavior [ RunTime:0.000016s ]
INFO: [ app_init ] --END-- [ RunTime:0.000520s ]
INFO: [ app_begin ] --START--
INFO: Run Behavior\ReadHtmlCacheBehavior [ RunTime:0.001471s ]
INFO: [ app_begin ] --END-- [ RunTime:0.001578s ]
SQL: SHOW COLUMNS FROM `cwp_user` [ RunTime:0.0110s ]
SQL: SELECT * FROM `cwp_user` WHERE ( userName='1' AND userPwd='1' ) LIMIT 1   [ RunTime:0.0005s ]
SQL: UPDATE `cwp_user` SET `userLastLoginTime`='2018-01-03 17:51:53' WHERE ( userId=1 ) [ RunTime:0.0921s ]

[ 2018-01-03T17:52:22+08:00 ] ::1 /Demo/CWP/service/admin.php/Home/User/checkLogin
INFO: [ app_init ] --START--
INFO: Run Behavior\BuildLiteBehavior [ RunTime:0.000016s ]
INFO: [ app_init ] --END-- [ RunTime:0.000485s ]
INFO: [ app_begin ] --START--
INFO: Run Behavior\ReadHtmlCacheBehavior [ RunTime:0.001001s ]
INFO: [ app_begin ] --END-- [ RunTime:0.001071s ]
SQL: SHOW COLUMNS FROM `cwp_user` [ RunTime:0.0105s ]
SQL: SELECT * FROM `cwp_user` WHERE ( userName='11' AND userPwd='12121' ) LIMIT 1   [ RunTime:0.0004s ]

[ 2018-01-03T17:52:32+08:00 ] ::1 /Demo/CWP/service/admin.php/Home/User/checkLogin
INFO: [ app_init ] --START--
INFO: Run Behavior\BuildLiteBehavior [ RunTime:0.000016s ]
INFO: [ app_init ] --END-- [ RunTime:0.000486s ]
INFO: [ app_begin ] --START--
INFO: Run Behavior\ReadHtmlCacheBehavior [ RunTime:0.001166s ]
INFO: [ app_begin ] --END-- [ RunTime:0.001239s ]
SQL: SHOW COLUMNS FROM `cwp_user` [ RunTime:0.0106s ]
SQL: SELECT * FROM `cwp_user` WHERE ( userName='1' AND userPwd='1' ) LIMIT 1   [ RunTime:0.0005s ]
SQL: UPDATE `cwp_user` SET `userLastLoginTime`='2018-01-03 17:52:32' WHERE ( userId=1 ) [ RunTime:0.0971s ]

[ 2018-01-03T18:00:43+08:00 ] ::1 /Demo/CWP/service/admin.php/Home/User/checkLogin
INFO: [ app_init ] --START--
INFO: Run Behavior\BuildLiteBehavior [ RunTime:0.000016s ]
INFO: [ app_init ] --END-- [ RunTime:0.000551s ]
INFO: [ app_begin ] --START--
INFO: Run Behavior\ReadHtmlCacheBehavior [ RunTime:0.000703s ]
INFO: [ app_begin ] --END-- [ RunTime:0.000758s ]
SQL: SHOW COLUMNS FROM `cwp_user` [ RunTime:0.0114s ]
SQL: SELECT * FROM `cwp_user` WHERE ( userName='1' AND userPwd='1' ) LIMIT 1   [ RunTime:0.0005s ]
SQL: UPDATE `cwp_user` SET `userLastLoginTime`='2018-01-03 18:00:43' WHERE ( userId=1 ) [ RunTime:0.0884s ]

